Vivado Simulator 2019.1
Time resolution is 1 ps
@00003000: $ 1 <= 7fff0000
@00003010: *00000000 <= 7fffffff
@0000300c: $ 1 <= 7fffffff
@00003014: $ 1 <= 80000000
@00003024: *00000000 <= 80000000
@00003020: $ 1 <= 80000000
@00003028: $ 1 <= ffff0000
@00003038: *00000000 <= fffffffc
@00003034: $ 1 <= fffffffc
@0000303c: $ 1 <= ffff0000
@0000304c: *00000000 <= fffffffd
@00003048: $ 1 <= fffffffd
@00003050: $ 1 <= ffff0000
@00003060: *00000000 <= fffffffe
@0000305c: $ 1 <= fffffffe
@00003064: $ 1 <= ffff0000
@00003074: *00000000 <= ffffffff
@00003070: $ 1 <= ffffffff
@0000307c: *00000000 <= 00000000
@00003078: $ 1 <= 00000000
@00003084: *00000000 <= 00000001
@00003080: $ 1 <= 00000001
@0000308c: *00000000 <= 00000002
@00003088: $ 1 <= 00000002
@00003094: *00000000 <= 00000003
@00003090: $ 1 <= 00000003
@0000309c: *00000000 <= 00000004
@00003098: $ 1 <= 00000004
@000030a0: $ 1 <= 9a6a0000
@000030b0: *00000000 <= 9a6a3a1f
@000030ac: $ 1 <= 9a6a3a1f
@000030b4: $ 1 <= 4d4b0000
@000030c4: *00000000 <= 4d4b276d
@000030c0: $ 1 <= 4d4b276d
@000030c8: $ 1 <= e1a20000
@000030d8: *00000000 <= e1a2e275
@000030d4: $ 1 <= e1a2e275
@000030dc: $ 1 <= 1e220000
@000030ec: *00000000 <= 1e2294c6
@000030e8: $ 1 <= 1e2294c6
@000030f0: $ 2 <= 2d8e0000
@000030fc: $ 2 <= 2d8e78be
@00003100: $ 3 <= 97d10000
@0000310c: $ 3 <= 97d17303
@00003110: $ 4 <= 6bfd0000
@0000311c: $ 4 <= 6bfd5d23
@00003120: $ 5 <= c9110000
@0000312c: $ 5 <= c911d74f
@00003130: $ 6 <= 08220000
@0000313c: $ 6 <= 08226995
@00003140: $ 7 <= ca0e0000
@0000314c: $ 7 <= ca0e79fa
@00003150: $ 8 <= 04a20000
@0000315c: $ 8 <= 04a2d299
@00003160: $ 9 <= 636a0000
@0000316c: $ 9 <= 636aa1eb
@00003170: $10 <= b83a0000
@0000317c: $10 <= b83a5038
@00003180: $11 <= baf80000
@0000318c: $11 <= baf8a73f
@00003190: $12 <= 4f3d0000
@0000319c: $12 <= 4f3d3132
@000031a0: $13 <= 72000000
@000031ac: $13 <= 72006848
@000031b0: $14 <= ad0e0000
@000031bc: $14 <= ad0e15be
@000031c0: $15 <= b5e30000
@000031cc: $15 <= b5e390c1
@000031d0: $16 <= 9a6f0000
@000031dc: $16 <= 9a6f621b
@000031e0: $17 <= 35520000
@000031ec: $17 <= 35528423
@000031f0: $18 <= ab800000
@000031fc: $18 <= ab809941
@00003200: $19 <= 50130000
@0000320c: $19 <= 5013f774
@00003210: $20 <= 15af0000
@0000321c: $20 <= 15af8a63
@00003220: $21 <= 17b10000
@0000322c: $21 <= 17b11412
@00003230: $22 <= 79470000
@0000323c: $22 <= 7947202d
@00003240: $23 <= 2e170000
@0000324c: $23 <= 2e17ac41
@00003250: $24 <= 78560000
@0000325c: $24 <= 7856bee0
@00003260: $25 <= 78bb0000
@0000326c: $25 <= 78bb6b8f
@00003270: $26 <= c4e10000
@0000327c: $26 <= c4e106ba
@00003280: $27 <= 82820000
@0000328c: $27 <= 8282503e
@00003290: $28 <= d49d0000
@0000329c: $28 <= d49d924f
@000032a0: $29 <= abcc0000
@000032ac: $29 <= abccf057
@000032b0: $30 <= 2a3b0000
@000032bc: $30 <= 2a3b74b6
@000032c0: $31 <= b8b90000
@000032cc: $31 <= b8b9641f
@000032d0: $14 <= 0000003c
@000032d4: $ 8 <= 00000000
@000032d8: $ 9 <= 00000000
@000032dc: $10 <= 1e2294c6
@000032e0: $11 <= 1e2294c6
@000032e4: $12 <= 3c45298c
@000032e8: $12 <= ae4591d4
@000032f0: $12 <= 72006848
@000032f4: $12 <= 00000000
@000032f8: $12 <= 72006848
@00003300: $12 <= 72006848
@00003304: $ 1 <= 00000004
@00003308: $ 9 <= 00000004
@000132dc: $10 <= 1e2294c6
@000132e0: $11 <= 00000000
@000132e4: $12 <= 1e2294c6
@000132e8: $12 <= 9022fd0e
@000132f0: $12 <= 72006848
@000132f4: $12 <= 1e2294c6
@000132f8: $12 <= 9022fd0e
@00013300: $12 <= 72006848
@00013304: $ 1 <= 00000004
@00013308: $ 9 <= 00000008
@000232dc: $10 <= 1e2294c6
@000232e0: $11 <= 00000000
@000232e4: $12 <= 1e2294c6
@000232e8: $12 <= 9022fd0e
@000232f0: $12 <= 72006848
@000232f4: $12 <= 1e2294c6
@000232f8: $12 <= 9022fd0e
@00023300: $12 <= 72006848
@00023304: $ 1 <= 00000004
@00023308: $ 9 <= 0000000c
@000332dc: $10 <= 1e2294c6
@000332e0: $11 <= 00000000
@000332e4: $12 <= 1e2294c6
@000332e8: $12 <= 9022fd0e
@000332f0: $12 <= 72006848
@000332f4: $12 <= 1e2294c6
@000332f8: $12 <= 9022fd0e
@00033300: $12 <= 72006848
@00033304: $ 1 <= 00000004
@00033308: $ 9 <= 00000010
@000432dc: $10 <= 1e2294c6
@000432e0: $11 <= 00000000
@000432e4: $12 <= 1e2294c6
@000432e8: $12 <= 9022fd0e
@000432f0: $12 <= 72006848
@000432f4: $12 <= 1e2294c6
@000432f8: $12 <= 9022fd0e
@00043300: $12 <= 72006848
@00043304: $ 1 <= 00000004
@00043308: $ 9 <= 00000014
@000532dc: $10 <= 1e2294c6
@000532e0: $11 <= 00000000
@000532e4: $12 <= 1e2294c6
@000532e8: $12 <= 9022fd0e
@000532f0: $12 <= 72006848
@000532f4: $12 <= 1e2294c6
@000532f8: $12 <= 9022fd0e
@00053300: $12 <= 72006848
@00053304: $ 1 <= 00000004
@00053308: $ 9 <= 00000018
@000632dc: $10 <= 1e2294c6
@000632e0: $11 <= 00000000
@000632e4: $12 <= 1e2294c6
@000632e8: $12 <= 9022fd0e
@000632f0: $12 <= 72006848
@000632f4: $12 <= 1e2294c6
@000632f8: $12 <= 9022fd0e
@00063300: $12 <= 72006848
@00063304: $ 1 <= 00000004
@00063308: $ 9 <= 0000001c
@000732dc: $10 <= 1e2294c6
@000732e0: $11 <= 00000000
@000732e4: $12 <= 1e2294c6
@000732e8: $12 <= 9022fd0e
@000732f0: $12 <= 72006848
@000732f4: $12 <= 1e2294c6
@000732f8: $12 <= 9022fd0e
@00073300: $12 <= 72006848
@00073304: $ 1 <= 00000004
@00073308: $ 9 <= 00000020
@000832dc: $10 <= 1e2294c6
@000832e0: $11 <= 00000000
@000832e4: $12 <= 1e2294c6
@000832e8: $12 <= 9022fd0e
@000832f0: $12 <= 72006848
@000832f4: $12 <= 1e2294c6
@000832f8: $12 <= 9022fd0e
@00083300: $12 <= 72006848
@00083304: $ 1 <= 00000004
@00083308: $ 9 <= 00000024
@000932dc: $10 <= 1e2294c6
@000932e0: $11 <= 00000000
@000932e4: $12 <= 1e2294c6
@000932e8: $12 <= 9022fd0e
@000932f0: $12 <= 72006848
@000932f4: $12 <= 1e2294c6
@000932f8: $12 <= 9022fd0e
@00093300: $12 <= 72006848
@00093304: $ 1 <= 00000004
@00093308: $ 9 <= 00000028
@000a32dc: $10 <= 1e2294c6
@000a32e0: $11 <= 00000000
@000a32e4: $12 <= 1e2294c6
@000a32e8: $12 <= 9022fd0e
@000a32f0: $12 <= 72006848
@000a32f4: $12 <= 1e2294c6
@000a32f8: $12 <= 9022fd0e
@000a3300: $12 <= 72006848
@000a3304: $ 1 <= 00000004
@000a3308: $ 9 <= 0000002c
@000b32dc: $10 <= 1e2294c6
@000b32e0: $11 <= 00000000
@000b32e4: $12 <= 1e2294c6
@000b32e8: $12 <= 9022fd0e
@000b32f0: $12 <= 72006848
@000b32f4: $12 <= 1e2294c6
@000b32f8: $12 <= 9022fd0e
@000b3300: $12 <= 72006848
@000b3304: $ 1 <= 00000004
@000b3308: $ 9 <= 00000030
@000c32dc: $10 <= 1e2294c6
@000c32e0: $11 <= 00000000
@000c32e4: $12 <= 1e2294c6
@000c32e8: $12 <= 9022fd0e
@000c32f0: $12 <= 72006848
@000c32f4: $12 <= 1e2294c6
@000c32f8: $12 <= 9022fd0e
@000c3300: $12 <= 72006848
@000c3304: $ 1 <= 00000004
@000c3308: $ 9 <= 00000034
@000d32dc: $10 <= 1e2294c6
@000d32e0: $11 <= 00000000
@000d32e4: $12 <= 1e2294c6
@000d32e8: $12 <= 9022fd0e
@000d32f0: $12 <= 72006848
@000d32f4: $12 <= 1e2294c6
@000d32f8: $12 <= 9022fd0e
@000d3300: $12 <= 72006848
@000d3304: $ 1 <= 00000004
@000d3308: $ 9 <= 00000038
@000e32dc: $10 <= 1e2294c6
@000e32e0: $11 <= 00000000
@000e32e4: $12 <= 1e2294c6
@000e32e8: $12 <= 9022fd0e
@000e32f0: $12 <= 72006848
@000e32f4: $12 <= 1e2294c6
@000e32f8: $12 <= 9022fd0e
@000e3300: $12 <= 72006848
@000e3304: $ 1 <= 00000004
@000e3308: $ 9 <= 0000003c
@000e3324: $11 <= 1e2294c6
@000e3328: $11 <= 9022fd0e
@000e3330: $11 <= 72006848
@000e3334: $11 <= 1e2294c7
@000e3338: $11 <= 9022fd0f
@000e3340: $11 <= 72006848
@000e3344: $11 <= 1e2294c6
@000e3348: $11 <= 9022fd0e
@000e3350: $11 <= 72006848
@000e3354: $11 <= 1e2294c7
@000e3358: $11 <= 9022fd0f
@000e3360: $11 <= 72006848
@000e3364: $11 <= 1e2294c6
@000e3368: $11 <= 9022fd0e
@000e3370: $11 <= 72006848
@000e3374: $11 <= 1e22fffe
@000e3378: $11 <= 90236846
@000e3380: $11 <= 72006848
@000e3384: $11 <= 1e22d5f6
@000e3388: $11 <= 90233e3e
@000e3390: $11 <= 72006848
@000e3394: $11 <= 1e22ffff
@000e3398: $11 <= 90236847
@000e33a0: $11 <= 72006848
@000e33a4: $11 <= 1e2297c6
@000e33a8: $11 <= 9023000e
@000e33b0: $11 <= 72006848
@000e33b4: $11 <= 1e2294c6
@000e33b8: $11 <= 9022fd0e
@000e33c0: $11 <= 72006848
@000e33c4: $11 <= 1e22ffff
@000e33c8: $11 <= 90236847
@000e33d0: $11 <= 72006848
@000e33d4: $11 <= 1e2294c7
@000e33d8: $11 <= 9022fd0f
@000e33e0: $11 <= 72006848
@000e33e4: $11 <= 1e22f6f7
@000e33e8: $11 <= 90235f3f
@000e33f0: $11 <= 72006848
@000e33f4: $11 <= 1e22fffe
@000e33f8: $11 <= 90236846
@000e3400: $11 <= 72006848
@000e3404: $11 <= 1e22ffff
@000e3408: $11 <= 90236847
@000e3410: $11 <= 72006848
@000e3414: $11 <= 00000000
@000e3418: $11 <= 72006848
@000e3420: $11 <= 72006848
@000e3424: $11 <= 00010000
@000e3428: $11 <= 72016848
@000e3430: $11 <= 72006848
@000e3434: $11 <= 00000002
@000e3438: $11 <= 7200684a
@000e3440: $11 <= 72006848
@000e3444: $11 <= 00030000
@000e3448: $11 <= 72036848
@000e3450: $11 <= 72006848
@000e3454: $11 <= 00040000
@000e3458: $11 <= 72046848
@000e3460: $11 <= 72006848
@000e3464: $11 <= 7ffe0000
@000e3468: $11 <= f1fe6848
@000e3470: $11 <= 72006848
@000e3474: $11 <= d1320000
@000e3478: $11 <= 43326848
@000e3480: $11 <= 72006848
@000e3484: $11 <= 7fff0000
@000e3488: $11 <= f1ff6848
@000e3490: $11 <= 72006848
@000e3494: $11 <= 17400000
@000e3498: $11 <= 89406848
@000e34a0: $11 <= 72006848
@000e34a4: $11 <= 80000000
@000e34a8: $11 <= f2006848
@000e34b0: $11 <= 72006848
@000e34b4: $11 <= ffbd0000
@000e34b8: $11 <= 71bd6848
@000e34c0: $11 <= 72006848
@000e34c4: $11 <= 80010000
@000e34c8: $11 <= f2016848
@000e34d0: $11 <= 72006848
@000e34d4: $11 <= e6770000
@000e34d8: $11 <= 58776848
@000e34e0: $11 <= 72006848
@000e34e4: $11 <= fffe0000
@000e34e8: $11 <= 71fe6848
@000e34f0: $11 <= 72006848
@000e34f4: $11 <= ffff0000
@000e34f8: $11 <= 71ff6848
@000e3500: $11 <= 72006848
@000e3504: $ 1 <= 00000004
@000e3508: $ 8 <= 00000004
@000f32d8: $ 9 <= 00000000
@000f32dc: $10 <= 00000000
@000f32e0: $11 <= 1e2294c6
@000f32e4: $12 <= 1e2294c6
@000f32e8: $12 <= 9022fd0e
@000f32f0: $12 <= 72006848
@000f32f4: $12 <= e1dd6b3a
@000f32f8: $12 <= 53ddd382
@000f3300: $12 <= 72006848
@000f3304: $ 1 <= 00000004
@000f3308: $ 9 <= 00000004
@001032dc: $10 <= 00000000
@001032e0: $11 <= 00000000
@001032e4: $12 <= 00000000
@001032e8: $12 <= 72006848
@001032f0: $12 <= 72006848
@001032f4: $12 <= 00000000
@001032f8: $12 <= 72006848
@00103300: $12 <= 72006848
@00103304: $ 1 <= 00000004
@00103308: $ 9 <= 00000008
@001132dc: $10 <= 00000000
@001132e0: $11 <= 00000000
@001132e4: $12 <= 00000000
@001132e8: $12 <= 72006848
@001132f0: $12 <= 72006848
@001132f4: $12 <= 00000000
@001132f8: $12 <= 72006848
@00113300: $12 <= 72006848
@00113304: $ 1 <= 00000004
@00113308: $ 9 <= 0000000c
@001232dc: $10 <= 00000000
@001232e0: $11 <= 00000000
@001232e4: $12 <= 00000000
@001232e8: $12 <= 72006848
@001232f0: $12 <= 72006848
@001232f4: $12 <= 00000000
@001232f8: $12 <= 72006848
@00123300: $12 <= 72006848
@00123304: $ 1 <= 00000004
@00123308: $ 9 <= 00000010
@001332dc: $10 <= 00000000
@001332e0: $11 <= 00000000
@001332e4: $12 <= 00000000
@001332e8: $12 <= 72006848
@001332f0: $12 <= 72006848
@001332f4: $12 <= 00000000
@001332f8: $12 <= 72006848
@00133300: $12 <= 72006848
@00133304: $ 1 <= 00000004
@00133308: $ 9 <= 00000014
@001432dc: $10 <= 00000000
@001432e0: $11 <= 00000000
@001432e4: $12 <= 00000000
@001432e8: $12 <= 72006848
@001432f0: $12 <= 72006848
@001432f4: $12 <= 00000000
@001432f8: $12 <= 72006848
@00143300: $12 <= 72006848
@00143304: $ 1 <= 00000004
@00143308: $ 9 <= 00000018
@001532dc: $10 <= 00000000
@001532e0: $11 <= 00000000
@001532e4: $12 <= 00000000
@001532e8: $12 <= 72006848
@001532f0: $12 <= 72006848
@001532f4: $12 <= 00000000
@001532f8: $12 <= 72006848
@00153300: $12 <= 72006848
@00153304: $ 1 <= 00000004
@00153308: $ 9 <= 0000001c
@001632dc: $10 <= 00000000
@001632e0: $11 <= 00000000
@001632e4: $12 <= 00000000
@001632e8: $12 <= 72006848
@001632f0: $12 <= 72006848
@001632f4: $12 <= 00000000
@001632f8: $12 <= 72006848
@00163300: $12 <= 72006848
@00163304: $ 1 <= 00000004
@00163308: $ 9 <= 00000020
@001732dc: $10 <= 00000000
@001732e0: $11 <= 00000000
@001732e4: $12 <= 00000000
@001732e8: $12 <= 72006848
@001732f0: $12 <= 72006848
@001732f4: $12 <= 00000000
@001732f8: $12 <= 72006848
@00173300: $12 <= 72006848
@00173304: $ 1 <= 00000004
@00173308: $ 9 <= 00000024
@001832dc: $10 <= 00000000
@001832e0: $11 <= 00000000
@001832e4: $12 <= 00000000
@001832e8: $12 <= 72006848
@001832f0: $12 <= 72006848
@001832f4: $12 <= 00000000
@001832f8: $12 <= 72006848
@00183300: $12 <= 72006848
@00183304: $ 1 <= 00000004
@00183308: $ 9 <= 00000028
@001932dc: $10 <= 00000000
@001932e0: $11 <= 00000000
@001932e4: $12 <= 00000000
@001932e8: $12 <= 72006848
@001932f0: $12 <= 72006848
@001932f4: $12 <= 00000000
@001932f8: $12 <= 72006848
@00193300: $12 <= 72006848
@00193304: $ 1 <= 00000004
@00193308: $ 9 <= 0000002c
@001a32dc: $10 <= 00000000
@001a32e0: $11 <= 00000000
@001a32e4: $12 <= 00000000
@001a32e8: $12 <= 72006848
@001a32f0: $12 <= 72006848
@001a32f4: $12 <= 00000000
@001a32f8: $12 <= 72006848
@001a3300: $12 <= 72006848
@001a3304: $ 1 <= 00000004
@001a3308: $ 9 <= 00000030
@001b32dc: $10 <= 00000000
@001b32e0: $11 <= 00000000
@001b32e4: $12 <= 00000000
@001b32e8: $12 <= 72006848
@001b32f0: $12 <= 72006848
@001b32f4: $12 <= 00000000
@001b32f8: $12 <= 72006848
@001b3300: $12 <= 72006848
@001b3304: $ 1 <= 00000004
@001b3308: $ 9 <= 00000034
@001c32dc: $10 <= 00000000
@001c32e0: $11 <= 00000000
@001c32e4: $12 <= 00000000
@001c32e8: $12 <= 72006848
@001c32f0: $12 <= 72006848
@001c32f4: $12 <= 00000000
@001c32f8: $12 <= 72006848
@001c3300: $12 <= 72006848
@001c3304: $ 1 <= 00000004
@001c3308: $ 9 <= 00000038
@001d32dc: $10 <= 00000000
@001d32e0: $11 <= 00000000
@001d32e4: $12 <= 00000000
@001d32e8: $12 <= 72006848
@001d32f0: $12 <= 72006848
@001d32f4: $12 <= 00000000
@001d32f8: $12 <= 72006848
@001d3300: $12 <= 72006848
@001d3304: $ 1 <= 00000004
@001d3308: $ 9 <= 0000003c
@001d3324: $11 <= 00000000
@001d3328: $11 <= 72006848
@001d3330: $11 <= 72006848
@001d3334: $11 <= 00000001
@001d3338: $11 <= 72006849
@001d3340: $11 <= 72006848
@001d3344: $11 <= 00000002
@001d3348: $11 <= 7200684a
@001d3350: $11 <= 72006848
@001d3354: $11 <= 00000003
@001d3358: $11 <= 7200684b
@001d3360: $11 <= 72006848
@001d3364: $11 <= 00000004
@001d3368: $11 <= 7200684c
@001d3370: $11 <= 72006848
@001d3374: $11 <= 00007ffe
@001d3378: $11 <= 7200e846
@001d3380: $11 <= 72006848
@001d3384: $11 <= 0000d132
@001d3388: $11 <= 7201397a
@001d3390: $11 <= 72006848
@001d3394: $11 <= 00007fff
@001d3398: $11 <= 7200e847
@001d33a0: $11 <= 72006848
@001d33a4: $11 <= 00001740
@001d33a8: $11 <= 72007f88
@001d33b0: $11 <= 72006848
@001d33b4: $11 <= 00008000
@001d33b8: $11 <= 7200e848
@001d33c0: $11 <= 72006848
@001d33c4: $11 <= 0000ffbd
@001d33c8: $11 <= 72016805
@001d33d0: $11 <= 72006848
@001d33d4: $11 <= 00008001
@001d33d8: $11 <= 7200e849
@001d33e0: $11 <= 72006848
@001d33e4: $11 <= 0000e677
@001d33e8: $11 <= 72014ebf
@001d33f0: $11 <= 72006848
@001d33f4: $11 <= 0000fffe
@001d33f8: $11 <= 72016846
@001d3400: $11 <= 72006848
@001d3404: $11 <= 0000ffff
@001d3408: $11 <= 72016847
@001d3410: $11 <= 72006848
@001d3414: $11 <= 00000000
@001d3418: $11 <= 72006848
@001d3420: $11 <= 72006848
@001d3424: $11 <= 00010000
@001d3428: $11 <= 72016848
@001d3430: $11 <= 72006848
@001d3434: $11 <= 00000002
@001d3438: $11 <= 7200684a
@001d3440: $11 <= 72006848
@001d3444: $11 <= 00030000
@001d3448: $11 <= 72036848
@001d3450: $11 <= 72006848
@001d3454: $11 <= 00040000
@001d3458: $11 <= 72046848
@001d3460: $11 <= 72006848
@001d3464: $11 <= 7ffe0000
@001d3468: $11 <= f1fe6848
@001d3470: $11 <= 72006848
@001d3474: $11 <= d1320000
@001d3478: $11 <= 43326848
@001d3480: $11 <= 72006848
@001d3484: $11 <= 7fff0000
@001d3488: $11 <= f1ff6848
@001d3490: $11 <= 72006848
@001d3494: $11 <= 17400000
@001d3498: $11 <= 89406848
@001d34a0: $11 <= 72006848
@001d34a4: $11 <= 80000000
@001d34a8: $11 <= f2006848
@001d34b0: $11 <= 72006848
@001d34b4: $11 <= ffbd0000
@001d34b8: $11 <= 71bd6848
@001d34c0: $11 <= 72006848
@001d34c4: $11 <= 80010000
@001d34c8: $11 <= f2016848
@001d34d0: $11 <= 72006848
@001d34d4: $11 <= e6770000
@001d34d8: $11 <= 58776848
@001d34e0: $11 <= 72006848
@001d34e4: $11 <= fffe0000
@001d34e8: $11 <= 71fe6848
@001d34f0: $11 <= 72006848
@001d34f4: $11 <= ffff0000
@001d34f8: $11 <= 71ff6848
@001d3500: $11 <= 72006848
@001d3504: $ 1 <= 00000004
@001d3508: $ 8 <= 00000008
@001e32d8: $ 9 <= 00000000
@001e32dc: $10 <= 00000000
@001e32e0: $11 <= 1e2294c6
@001e32e4: $12 <= 1e2294c6
@001e32e8: $12 <= 9022fd0e
@001e32f0: $12 <= 72006848
@001e32f4: $12 <= e1dd6b3a
@001e32f8: $12 <= 53ddd382
@001e3300: $12 <= 72006848
@001e3304: $ 1 <= 00000004
@001e3308: $ 9 <= 00000004
@001f32dc: $10 <= 00000000
@001f32e0: $11 <= 00000000
@001f32e4: $12 <= 00000000
@001f32e8: $12 <= 72006848
@001f32f0: $12 <= 72006848
@001f32f4: $12 <= 00000000
@001f32f8: $12 <= 72006848
@001f3300: $12 <= 72006848
@001f3304: $ 1 <= 00000004
@001f3308: $ 9 <= 00000008
@002032dc: $10 <= 00000000
@002032e0: $11 <= 00000000
@002032e4: $12 <= 00000000
@002032e8: $12 <= 72006848
@002032f0: $12 <= 72006848
@002032f4: $12 <= 00000000
@002032f8: $12 <= 72006848
@00203300: $12 <= 72006848
@00203304: $ 1 <= 00000004
@00203308: $ 9 <= 0000000c
@002132dc: $10 <= 00000000
@002132e0: $11 <= 00000000
@002132e4: $12 <= 00000000
@002132e8: $12 <= 72006848
@002132f0: $12 <= 72006848
@002132f4: $12 <= 00000000
@002132f8: $12 <= 72006848
@00213300: $12 <= 72006848
@00213304: $ 1 <= 00000004
@00213308: $ 9 <= 00000010
@002232dc: $10 <= 00000000
@002232e0: $11 <= 00000000
@002232e4: $12 <= 00000000
@002232e8: $12 <= 72006848
@002232f0: $12 <= 72006848
@002232f4: $12 <= 00000000
@002232f8: $12 <= 72006848
@00223300: $12 <= 72006848
@00223304: $ 1 <= 00000004
@00223308: $ 9 <= 00000014
@002332dc: $10 <= 00000000
@002332e0: $11 <= 00000000
@002332e4: $12 <= 00000000
@002332e8: $12 <= 72006848
@002332f0: $12 <= 72006848
@002332f4: $12 <= 00000000
@002332f8: $12 <= 72006848
@00233300: $12 <= 72006848
@00233304: $ 1 <= 00000004
@00233308: $ 9 <= 00000018
@002432dc: $10 <= 00000000
@002432e0: $11 <= 00000000
@002432e4: $12 <= 00000000
@002432e8: $12 <= 72006848
@002432f0: $12 <= 72006848
@002432f4: $12 <= 00000000
@002432f8: $12 <= 72006848
@00243300: $12 <= 72006848
@00243304: $ 1 <= 00000004
@00243308: $ 9 <= 0000001c
@002532dc: $10 <= 00000000
@002532e0: $11 <= 00000000
@002532e4: $12 <= 00000000
@002532e8: $12 <= 72006848
@002532f0: $12 <= 72006848
@002532f4: $12 <= 00000000
@002532f8: $12 <= 72006848
@00253300: $12 <= 72006848
@00253304: $ 1 <= 00000004
@00253308: $ 9 <= 00000020
@002632dc: $10 <= 00000000
@002632e0: $11 <= 00000000
@002632e4: $12 <= 00000000
@002632e8: $12 <= 72006848
@002632f0: $12 <= 72006848
@002632f4: $12 <= 00000000
@002632f8: $12 <= 72006848
@00263300: $12 <= 72006848
@00263304: $ 1 <= 00000004
@00263308: $ 9 <= 00000024
@002732dc: $10 <= 00000000
@002732e0: $11 <= 00000000
@002732e4: $12 <= 00000000
@002732e8: $12 <= 72006848
@002732f0: $12 <= 72006848
@002732f4: $12 <= 00000000
@002732f8: $12 <= 72006848
@00273300: $12 <= 72006848
@00273304: $ 1 <= 00000004
@00273308: $ 9 <= 00000028
@002832dc: $10 <= 00000000
@002832e0: $11 <= 00000000
@002832e4: $12 <= 00000000
@002832e8: $12 <= 72006848
@002832f0: $12 <= 72006848
@002832f4: $12 <= 00000000
@002832f8: $12 <= 72006848
@00283300: $12 <= 72006848
@00283304: $ 1 <= 00000004
@00283308: $ 9 <= 0000002c
@002932dc: $10 <= 00000000
@002932e0: $11 <= 00000000
@002932e4: $12 <= 00000000
@002932e8: $12 <= 72006848
@002932f0: $12 <= 72006848
@002932f4: $12 <= 00000000
@002932f8: $12 <= 72006848
@00293300: $12 <= 72006848
@00293304: $ 1 <= 00000004
@00293308: $ 9 <= 00000030
@002a32dc: $10 <= 00000000
@002a32e0: $11 <= 00000000
@002a32e4: $12 <= 00000000
@002a32e8: $12 <= 72006848
@002a32f0: $12 <= 72006848
@002a32f4: $12 <= 00000000
@002a32f8: $12 <= 72006848
@002a3300: $12 <= 72006848
@002a3304: $ 1 <= 00000004
@002a3308: $ 9 <= 00000034
@002b32dc: $10 <= 00000000
@002b32e0: $11 <= 00000000
@002b32e4: $12 <= 00000000
@002b32e8: $12 <= 72006848
@002b32f0: $12 <= 72006848
@002b32f4: $12 <= 00000000
@002b32f8: $12 <= 72006848
@002b3300: $12 <= 72006848
@002b3304: $ 1 <= 00000004
@002b3308: $ 9 <= 00000038
@002c32dc: $10 <= 00000000
@002c32e0: $11 <= 00000000
@002c32e4: $12 <= 00000000
@002c32e8: $12 <= 72006848
@002c32f0: $12 <= 72006848
@002c32f4: $12 <= 00000000
@002c32f8: $12 <= 72006848
@002c3300: $12 <= 72006848
@002c3304: $ 1 <= 00000004
@002c3308: $ 9 <= 0000003c
@002c3324: $11 <= 00000000
@002c3328: $11 <= 72006848
@002c3330: $11 <= 72006848
@002c3334: $11 <= 00000001
@002c3338: $11 <= 72006849
@002c3340: $11 <= 72006848
@002c3344: $11 <= 00000002
@002c3348: $11 <= 7200684a
@002c3350: $11 <= 72006848
@002c3354: $11 <= 00000003
@002c3358: $11 <= 7200684b
@002c3360: $11 <= 72006848
@002c3364: $11 <= 00000004
@002c3368: $11 <= 7200684c
@002c3370: $11 <= 72006848
@002c3374: $11 <= 00007ffe
@002c3378: $11 <= 7200e846
@002c3380: $11 <= 72006848
@002c3384: $11 <= 0000d132
@002c3388: $11 <= 7201397a
@002c3390: $11 <= 72006848
@002c3394: $11 <= 00007fff
@002c3398: $11 <= 7200e847
@002c33a0: $11 <= 72006848
@002c33a4: $11 <= 00001740
@002c33a8: $11 <= 72007f88
@002c33b0: $11 <= 72006848
@002c33b4: $11 <= 00008000
@002c33b8: $11 <= 7200e848
@002c33c0: $11 <= 72006848
@002c33c4: $11 <= 0000ffbd
@002c33c8: $11 <= 72016805
@002c33d0: $11 <= 72006848
@002c33d4: $11 <= 00008001
@002c33d8: $11 <= 7200e849
@002c33e0: $11 <= 72006848
@002c33e4: $11 <= 0000e677
@002c33e8: $11 <= 72014ebf
@002c33f0: $11 <= 72006848
@002c33f4: $11 <= 0000fffe
@002c33f8: $11 <= 72016846
@002c3400: $11 <= 72006848
@002c3404: $11 <= 0000ffff
@002c3408: $11 <= 72016847
@002c3410: $11 <= 72006848
@002c3414: $11 <= 00000000
@002c3418: $11 <= 72006848
@002c3420: $11 <= 72006848
@002c3424: $11 <= 00010000
@002c3428: $11 <= 72016848
@002c3430: $11 <= 72006848
@002c3434: $11 <= 00000002
@002c3438: $11 <= 7200684a
@002c3440: $11 <= 72006848
@002c3444: $11 <= 00030000
@002c3448: $11 <= 72036848
@002c3450: $11 <= 72006848
@002c3454: $11 <= 00040000
@002c3458: $11 <= 72046848
@002c3460: $11 <= 72006848
@002c3464: $11 <= 7ffe0000
@002c3468: $11 <= f1fe6848
@002c3470: $11 <= 72006848
@002c3474: $11 <= d1320000
@002c3478: $11 <= 43326848
@002c3480: $11 <= 72006848
@002c3484: $11 <= 7fff0000
@002c3488: $11 <= f1ff6848
@002c3490: $11 <= 72006848
@002c3494: $11 <= 17400000
@002c3498: $11 <= 89406848
@002c34a0: $11 <= 72006848
@002c34a4: $11 <= 80000000
@002c34a8: $11 <= f2006848
@002c34b0: $11 <= 72006848
@002c34b4: $11 <= ffbd0000
@002c34b8: $11 <= 71bd6848
@002c34c0: $11 <= 72006848
@002c34c4: $11 <= 80010000
@002c34c8: $11 <= f2016848
@002c34d0: $11 <= 72006848
@002c34d4: $11 <= e6770000
@002c34d8: $11 <= 58776848
@002c34e0: $11 <= 72006848
@002c34e4: $11 <= fffe0000
@002c34e8: $11 <= 71fe6848
@002c34f0: $11 <= 72006848
@002c34f4: $11 <= ffff0000
@002c34f8: $11 <= 71ff6848
@002c3500: $11 <= 72006848
@002c3504: $ 1 <= 00000004
@002c3508: $ 8 <= 0000000c
@002d32d8: $ 9 <= 00000000
@002d32dc: $10 <= 00000000
@002d32e0: $11 <= 1e2294c6
@002d32e4: $12 <= 1e2294c6
@002d32e8: $12 <= 9022fd0e
@002d32f0: $12 <= 72006848
@002d32f4: $12 <= e1dd6b3a
@002d32f8: $12 <= 53ddd382
@002d3300: $12 <= 72006848
@002d3304: $ 1 <= 00000004
@002d3308: $ 9 <= 00000004
@002e32dc: $10 <= 00000000
@002e32e0: $11 <= 00000000
@002e32e4: $12 <= 00000000
@002e32e8: $12 <= 72006848
@002e32f0: $12 <= 72006848
@002e32f4: $12 <= 00000000
@002e32f8: $12 <= 72006848
@002e3300: $12 <= 72006848
@002e3304: $ 1 <= 00000004
@002e3308: $ 9 <= 00000008
@002f32dc: $10 <= 00000000
@002f32e0: $11 <= 00000000
@002f32e4: $12 <= 00000000
@002f32e8: $12 <= 72006848
@002f32f0: $12 <= 72006848
@002f32f4: $12 <= 00000000
@002f32f8: $12 <= 72006848
@002f3300: $12 <= 72006848
@002f3304: $ 1 <= 00000004
@002f3308: $ 9 <= 0000000c
@003032dc: $10 <= 00000000
@003032e0: $11 <= 00000000
@003032e4: $12 <= 00000000
@003032e8: $12 <= 72006848
@003032f0: $12 <= 72006848
@003032f4: $12 <= 00000000
@003032f8: $12 <= 72006848
@00303300: $12 <= 72006848
@00303304: $ 1 <= 00000004
@00303308: $ 9 <= 00000010
@003132dc: $10 <= 00000000
@003132e0: $11 <= 00000000
@003132e4: $12 <= 00000000
@003132e8: $12 <= 72006848
@003132f0: $12 <= 72006848
@003132f4: $12 <= 00000000
@003132f8: $12 <= 72006848
@00313300: $12 <= 72006848
@00313304: $ 1 <= 00000004
@00313308: $ 9 <= 00000014
@003232dc: $10 <= 00000000
@003232e0: $11 <= 00000000
@003232e4: $12 <= 00000000
@003232e8: $12 <= 72006848
@003232f0: $12 <= 72006848
@003232f4: $12 <= 00000000
@003232f8: $12 <= 72006848
@00323300: $12 <= 72006848
@00323304: $ 1 <= 00000004
@00323308: $ 9 <= 00000018
@003332dc: $10 <= 00000000
@003332e0: $11 <= 00000000
@003332e4: $12 <= 00000000
@003332e8: $12 <= 72006848
@003332f0: $12 <= 72006848
@003332f4: $12 <= 00000000
@003332f8: $12 <= 72006848
@00333300: $12 <= 72006848
@00333304: $ 1 <= 00000004
@00333308: $ 9 <= 0000001c
@003432dc: $10 <= 00000000
@003432e0: $11 <= 00000000
@003432e4: $12 <= 00000000
@003432e8: $12 <= 72006848
@003432f0: $12 <= 72006848
@003432f4: $12 <= 00000000
@003432f8: $12 <= 72006848
@00343300: $12 <= 72006848
@00343304: $ 1 <= 00000004
@00343308: $ 9 <= 00000020
@003532dc: $10 <= 00000000
@003532e0: $11 <= 00000000
@003532e4: $12 <= 00000000
@003532e8: $12 <= 72006848
@003532f0: $12 <= 72006848
@003532f4: $12 <= 00000000
@003532f8: $12 <= 72006848
@00353300: $12 <= 72006848
@00353304: $ 1 <= 00000004
@00353308: $ 9 <= 00000024
@003632dc: $10 <= 00000000
@003632e0: $11 <= 00000000
@003632e4: $12 <= 00000000
@003632e8: $12 <= 72006848
@003632f0: $12 <= 72006848
@003632f4: $12 <= 00000000
@003632f8: $12 <= 72006848
@00363300: $12 <= 72006848
@00363304: $ 1 <= 00000004
@00363308: $ 9 <= 00000028
@003732dc: $10 <= 00000000
@003732e0: $11 <= 00000000
@003732e4: $12 <= 00000000
@003732e8: $12 <= 72006848
@003732f0: $12 <= 72006848
@003732f4: $12 <= 00000000
@003732f8: $12 <= 72006848
@00373300: $12 <= 72006848
@00373304: $ 1 <= 00000004
@00373308: $ 9 <= 0000002c
@003832dc: $10 <= 00000000
@003832e0: $11 <= 00000000
@003832e4: $12 <= 00000000
@003832e8: $12 <= 72006848
@003832f0: $12 <= 72006848
@003832f4: $12 <= 00000000
@003832f8: $12 <= 72006848
@00383300: $12 <= 72006848
@00383304: $ 1 <= 00000004
@00383308: $ 9 <= 00000030
@003932dc: $10 <= 00000000
@003932e0: $11 <= 00000000
@003932e4: $12 <= 00000000
@003932e8: $12 <= 72006848
@003932f0: $12 <= 72006848
@003932f4: $12 <= 00000000
@003932f8: $12 <= 72006848
@00393300: $12 <= 72006848
@00393304: $ 1 <= 00000004
@00393308: $ 9 <= 00000034
@003a32dc: $10 <= 00000000
@003a32e0: $11 <= 00000000
@003a32e4: $12 <= 00000000
@003a32e8: $12 <= 72006848
@003a32f0: $12 <= 72006848
@003a32f4: $12 <= 00000000
@003a32f8: $12 <= 72006848
@003a3300: $12 <= 72006848
@003a3304: $ 1 <= 00000004
@003a3308: $ 9 <= 00000038
@003b32dc: $10 <= 00000000
@003b32e0: $11 <= 00000000
@003b32e4: $12 <= 00000000
@003b32e8: $12 <= 72006848
@003b32f0: $12 <= 72006848
@003b32f4: $12 <= 00000000
@003b32f8: $12 <= 72006848
@003b3300: $12 <= 72006848
@003b3304: $ 1 <= 00000004
@003b3308: $ 9 <= 0000003c
@003b3324: $11 <= 00000000
@003b3328: $11 <= 72006848
@003b3330: $11 <= 72006848
@003b3334: $11 <= 00000001
@003b3338: $11 <= 72006849
@003b3340: $11 <= 72006848
@003b3344: $11 <= 00000002
@003b3348: $11 <= 7200684a
@003b3350: $11 <= 72006848
@003b3354: $11 <= 00000003
@003b3358: $11 <= 7200684b
@003b3360: $11 <= 72006848
@003b3364: $11 <= 00000004
@003b3368: $11 <= 7200684c
@003b3370: $11 <= 72006848
@003b3374: $11 <= 00007ffe
@003b3378: $11 <= 7200e846
@003b3380: $11 <= 72006848
@003b3384: $11 <= 0000d132
@003b3388: $11 <= 7201397a
@003b3390: $11 <= 72006848
@003b3394: $11 <= 00007fff
@003b3398: $11 <= 7200e847
@003b33a0: $11 <= 72006848
@003b33a4: $11 <= 00001740
@003b33a8: $11 <= 72007f88
@003b33b0: $11 <= 72006848
@003b33b4: $11 <= 00008000
@003b33b8: $11 <= 7200e848
@003b33c0: $11 <= 72006848
@003b33c4: $11 <= 0000ffbd
@003b33c8: $11 <= 72016805
@003b33d0: $11 <= 72006848
@003b33d4: $11 <= 00008001
@003b33d8: $11 <= 7200e849
@003b33e0: $11 <= 72006848
@003b33e4: $11 <= 0000e677
@003b33e8: $11 <= 72014ebf
@003b33f0: $11 <= 72006848
@003b33f4: $11 <= 0000fffe
@003b33f8: $11 <= 72016846
@003b3400: $11 <= 72006848
@003b3404: $11 <= 0000ffff
@003b3408: $11 <= 72016847
@003b3410: $11 <= 72006848
@003b3414: $11 <= 00000000
@003b3418: $11 <= 72006848
@003b3420: $11 <= 72006848
@003b3424: $11 <= 00010000
@003b3428: $11 <= 72016848
@003b3430: $11 <= 72006848
@003b3434: $11 <= 00000002
@003b3438: $11 <= 7200684a
@003b3440: $11 <= 72006848
@003b3444: $11 <= 00030000
@003b3448: $11 <= 72036848
@003b3450: $11 <= 72006848
@003b3454: $11 <= 00040000
@003b3458: $11 <= 72046848
@003b3460: $11 <= 72006848
@003b3464: $11 <= 7ffe0000
@003b3468: $11 <= f1fe6848
@003b3470: $11 <= 72006848
@003b3474: $11 <= d1320000
@003b3478: $11 <= 43326848
@003b3480: $11 <= 72006848
@003b3484: $11 <= 7fff0000
@003b3488: $11 <= f1ff6848
@003b3490: $11 <= 72006848
@003b3494: $11 <= 17400000
@003b3498: $11 <= 89406848
@003b34a0: $11 <= 72006848
@003b34a4: $11 <= 80000000
@003b34a8: $11 <= f2006848
@003b34b0: $11 <= 72006848
@003b34b4: $11 <= ffbd0000
@003b34b8: $11 <= 71bd6848
@003b34c0: $11 <= 72006848
@003b34c4: $11 <= 80010000
@003b34c8: $11 <= f2016848
@003b34d0: $11 <= 72006848
@003b34d4: $11 <= e6770000
@003b34d8: $11 <= 58776848
@003b34e0: $11 <= 72006848
@003b34e4: $11 <= fffe0000
@003b34e8: $11 <= 71fe6848
@003b34f0: $11 <= 72006848
@003b34f4: $11 <= ffff0000
@003b34f8: $11 <= 71ff6848
@003b3500: $11 <= 72006848
@003b3504: $ 1 <= 00000004
@003b3508: $ 8 <= 00000010
@003c32d8: $ 9 <= 00000000
@003c32dc: $10 <= 00000000
@003c32e0: $11 <= 1e2294c6
@003c32e4: $12 <= 1e2294c6
@003c32e8: $12 <= 9022fd0e
@003c32f0: $12 <= 72006848
@003c32f4: $12 <= e1dd6b3a
@003c32f8: $12 <= 53ddd382
@003c3300: $12 <= 72006848
@003c3304: $ 1 <= 00000004
@003c3308: $ 9 <= 00000004
@003d32dc: $10 <= 00000000
@003d32e0: $11 <= 00000000
@003d32e4: $12 <= 00000000
@003d32e8: $12 <= 72006848
@003d32f0: $12 <= 72006848
@003d32f4: $12 <= 00000000
@003d32f8: $12 <= 72006848
@003d3300: $12 <= 72006848
@003d3304: $ 1 <= 00000004
@003d3308: $ 9 <= 00000008
@003e32dc: $10 <= 00000000
@003e32e0: $11 <= 00000000
@003e32e4: $12 <= 00000000
@003e32e8: $12 <= 72006848
@003e32f0: $12 <= 72006848
@003e32f4: $12 <= 00000000
@003e32f8: $12 <= 72006848
@003e3300: $12 <= 72006848
@003e3304: $ 1 <= 00000004
@003e3308: $ 9 <= 0000000c
@003f32dc: $10 <= 00000000
@003f32e0: $11 <= 00000000
@003f32e4: $12 <= 00000000
@003f32e8: $12 <= 72006848
@003f32f0: $12 <= 72006848
@003f32f4: $12 <= 00000000
@003f32f8: $12 <= 72006848
@003f3300: $12 <= 72006848
@003f3304: $ 1 <= 00000004
@003f3308: $ 9 <= 00000010
@004032dc: $10 <= 00000000
@004032e0: $11 <= 00000000
@004032e4: $12 <= 00000000
@004032e8: $12 <= 72006848
@004032f0: $12 <= 72006848
@004032f4: $12 <= 00000000
@004032f8: $12 <= 72006848
@00403300: $12 <= 72006848
@00403304: $ 1 <= 00000004
@00403308: $ 9 <= 00000014
@004132dc: $10 <= 00000000
@004132e0: $11 <= 00000000
@004132e4: $12 <= 00000000
@004132e8: $12 <= 72006848
@004132f0: $12 <= 72006848
@004132f4: $12 <= 00000000
@004132f8: $12 <= 72006848
@00413300: $12 <= 72006848
@00413304: $ 1 <= 00000004
@00413308: $ 9 <= 00000018
@004232dc: $10 <= 00000000
@004232e0: $11 <= 00000000
@004232e4: $12 <= 00000000
@004232e8: $12 <= 72006848
@004232f0: $12 <= 72006848
@004232f4: $12 <= 00000000
@004232f8: $12 <= 72006848
@00423300: $12 <= 72006848
@00423304: $ 1 <= 00000004
@00423308: $ 9 <= 0000001c
@004332dc: $10 <= 00000000
@004332e0: $11 <= 00000000
@004332e4: $12 <= 00000000
@004332e8: $12 <= 72006848
@004332f0: $12 <= 72006848
@004332f4: $12 <= 00000000
@004332f8: $12 <= 72006848
@00433300: $12 <= 72006848
@00433304: $ 1 <= 00000004
@00433308: $ 9 <= 00000020
@004432dc: $10 <= 00000000
@004432e0: $11 <= 00000000
@004432e4: $12 <= 00000000
@004432e8: $12 <= 72006848
@004432f0: $12 <= 72006848
@004432f4: $12 <= 00000000
@004432f8: $12 <= 72006848
@00443300: $12 <= 72006848
@00443304: $ 1 <= 00000004
@00443308: $ 9 <= 00000024
@004532dc: $10 <= 00000000
@004532e0: $11 <= 00000000
@004532e4: $12 <= 00000000
@004532e8: $12 <= 72006848
@004532f0: $12 <= 72006848
@004532f4: $12 <= 00000000
@004532f8: $12 <= 72006848
@00453300: $12 <= 72006848
@00453304: $ 1 <= 00000004
@00453308: $ 9 <= 00000028
@004632dc: $10 <= 00000000
@004632e0: $11 <= 00000000
@004632e4: $12 <= 00000000
@004632e8: $12 <= 72006848
@004632f0: $12 <= 72006848
@004632f4: $12 <= 00000000
@004632f8: $12 <= 72006848
@00463300: $12 <= 72006848
@00463304: $ 1 <= 00000004
@00463308: $ 9 <= 0000002c
@004732dc: $10 <= 00000000
@004732e0: $11 <= 00000000
@004732e4: $12 <= 00000000
@004732e8: $12 <= 72006848
@004732f0: $12 <= 72006848
@004732f4: $12 <= 00000000
@004732f8: $12 <= 72006848
@00473300: $12 <= 72006848
@00473304: $ 1 <= 00000004
@00473308: $ 9 <= 00000030
@004832dc: $10 <= 00000000
@004832e0: $11 <= 00000000
@004832e4: $12 <= 00000000
@004832e8: $12 <= 72006848
@004832f0: $12 <= 72006848
@004832f4: $12 <= 00000000
@004832f8: $12 <= 72006848
@00483300: $12 <= 72006848
@00483304: $ 1 <= 00000004
@00483308: $ 9 <= 00000034
@004932dc: $10 <= 00000000
@004932e0: $11 <= 00000000
@004932e4: $12 <= 00000000
@004932e8: $12 <= 72006848
@004932f0: $12 <= 72006848
@004932f4: $12 <= 00000000
@004932f8: $12 <= 72006848
@00493300: $12 <= 72006848
@00493304: $ 1 <= 00000004
@00493308: $ 9 <= 00000038
@004a32dc: $10 <= 00000000
@004a32e0: $11 <= 00000000
@004a32e4: $12 <= 00000000
@004a32e8: $12 <= 72006848
@004a32f0: $12 <= 72006848
@004a32f4: $12 <= 00000000
@004a32f8: $12 <= 72006848
@004a3300: $12 <= 72006848
@004a3304: $ 1 <= 00000004
@004a3308: $ 9 <= 0000003c
@004a3324: $11 <= 00000000
@004a3328: $11 <= 72006848
@004a3330: $11 <= 72006848
@004a3334: $11 <= 00000001
@004a3338: $11 <= 72006849
@004a3340: $11 <= 72006848
@004a3344: $11 <= 00000002
@004a3348: $11 <= 7200684a
@004a3350: $11 <= 72006848
@004a3354: $11 <= 00000003
@004a3358: $11 <= 7200684b
@004a3360: $11 <= 72006848
@004a3364: $11 <= 00000004
@004a3368: $11 <= 7200684c
@004a3370: $11 <= 72006848
@004a3374: $11 <= 00007ffe
@004a3378: $11 <= 7200e846
@004a3380: $11 <= 72006848
@004a3384: $11 <= 0000d132
@004a3388: $11 <= 7201397a
@004a3390: $11 <= 72006848
@004a3394: $11 <= 00007fff
@004a3398: $11 <= 7200e847
@004a33a0: $11 <= 72006848
@004a33a4: $11 <= 00001740
@004a33a8: $11 <= 72007f88
@004a33b0: $11 <= 72006848
@004a33b4: $11 <= 00008000
@004a33b8: $11 <= 7200e848
@004a33c0: $11 <= 72006848
@004a33c4: $11 <= 0000ffbd
@004a33c8: $11 <= 72016805
@004a33d0: $11 <= 72006848
@004a33d4: $11 <= 00008001
@004a33d8: $11 <= 7200e849
@004a33e0: $11 <= 72006848
@004a33e4: $11 <= 0000e677
@004a33e8: $11 <= 72014ebf
@004a33f0: $11 <= 72006848
@004a33f4: $11 <= 0000fffe
@004a33f8: $11 <= 72016846
@004a3400: $11 <= 72006848
@004a3404: $11 <= 0000ffff
@004a3408: $11 <= 72016847
@004a3410: $11 <= 72006848
@004a3414: $11 <= 00000000
@004a3418: $11 <= 72006848
@004a3420: $11 <= 72006848
@004a3424: $11 <= 00010000
@004a3428: $11 <= 72016848
@004a3430: $11 <= 72006848
@004a3434: $11 <= 00000002
@004a3438: $11 <= 7200684a
@004a3440: $11 <= 72006848
@004a3444: $11 <= 00030000
@004a3448: $11 <= 72036848
@004a3450: $11 <= 72006848
@004a3454: $11 <= 00040000
@004a3458: $11 <= 72046848
@004a3460: $11 <= 72006848
@004a3464: $11 <= 7ffe0000
@004a3468: $11 <= f1fe6848
@004a3470: $11 <= 72006848
@004a3474: $11 <= d1320000
@004a3478: $11 <= 43326848
@004a3480: $11 <= 72006848
@004a3484: $11 <= 7fff0000
@004a3488: $11 <= f1ff6848
@004a3490: $11 <= 72006848
@004a3494: $11 <= 17400000
@004a3498: $11 <= 89406848
@004a34a0: $11 <= 72006848
@004a34a4: $11 <= 80000000
@004a34a8: $11 <= f2006848
@004a34b0: $11 <= 72006848
@004a34b4: $11 <= ffbd0000
@004a34b8: $11 <= 71bd6848
@004a34c0: $11 <= 72006848
@004a34c4: $11 <= 80010000
@004a34c8: $11 <= f2016848
@004a34d0: $11 <= 72006848
@004a34d4: $11 <= e6770000
@004a34d8: $11 <= 58776848
@004a34e0: $11 <= 72006848
@004a34e4: $11 <= fffe0000
@004a34e8: $11 <= 71fe6848
@004a34f0: $11 <= 72006848
@004a34f4: $11 <= ffff0000
@004a34f8: $11 <= 71ff6848
@004a3500: $11 <= 72006848
@004a3504: $ 1 <= 00000004
@004a3508: $ 8 <= 00000014
@004b32d8: $ 9 <= 00000000
@004b32dc: $10 <= 00000000
@004b32e0: $11 <= 1e2294c6
@004b32e4: $12 <= 1e2294c6
@004b32e8: $12 <= 9022fd0e
@004b32f0: $12 <= 72006848
@004b32f4: $12 <= e1dd6b3a
@004b32f8: $12 <= 53ddd382
@004b3300: $12 <= 72006848
@004b3304: $ 1 <= 00000004
@004b3308: $ 9 <= 00000004
@004c32dc: $10 <= 00000000
@004c32e0: $11 <= 00000000
@004c32e4: $12 <= 00000000
@004c32e8: $12 <= 72006848
@004c32f0: $12 <= 72006848
@004c32f4: $12 <= 00000000
@004c32f8: $12 <= 72006848
@004c3300: $12 <= 72006848
@004c3304: $ 1 <= 00000004
@004c3308: $ 9 <= 00000008
@004d32dc: $10 <= 00000000
@004d32e0: $11 <= 00000000
@004d32e4: $12 <= 00000000
@004d32e8: $12 <= 72006848
@004d32f0: $12 <= 72006848
@004d32f4: $12 <= 00000000
@004d32f8: $12 <= 72006848
@004d3300: $12 <= 72006848
@004d3304: $ 1 <= 00000004
@004d3308: $ 9 <= 0000000c
@004e32dc: $10 <= 00000000
@004e32e0: $11 <= 00000000
@004e32e4: $12 <= 00000000
@004e32e8: $12 <= 72006848
@004e32f0: $12 <= 72006848
@004e32f4: $12 <= 00000000
@004e32f8: $12 <= 72006848
@004e3300: $12 <= 72006848
@004e3304: $ 1 <= 00000004
@004e3308: $ 9 <= 00000010
@004f32dc: $10 <= 00000000
@004f32e0: $11 <= 00000000
@004f32e4: $12 <= 00000000
@004f32e8: $12 <= 72006848
@004f32f0: $12 <= 72006848
@004f32f4: $12 <= 00000000
@004f32f8: $12 <= 72006848
@004f3300: $12 <= 72006848
@004f3304: $ 1 <= 00000004
@004f3308: $ 9 <= 00000014
@005032dc: $10 <= 00000000
@005032e0: $11 <= 00000000
@005032e4: $12 <= 00000000
@005032e8: $12 <= 72006848
@005032f0: $12 <= 72006848
@005032f4: $12 <= 00000000
@005032f8: $12 <= 72006848
@00503300: $12 <= 72006848
@00503304: $ 1 <= 00000004
@00503308: $ 9 <= 00000018
@005132dc: $10 <= 00000000
@005132e0: $11 <= 00000000
@005132e4: $12 <= 00000000
@005132e8: $12 <= 72006848
@005132f0: $12 <= 72006848
@005132f4: $12 <= 00000000
@005132f8: $12 <= 72006848
@00513300: $12 <= 72006848
@00513304: $ 1 <= 00000004
@00513308: $ 9 <= 0000001c
@005232dc: $10 <= 00000000
@005232e0: $11 <= 00000000
@005232e4: $12 <= 00000000
@005232e8: $12 <= 72006848
@005232f0: $12 <= 72006848
@005232f4: $12 <= 00000000
@005232f8: $12 <= 72006848
@00523300: $12 <= 72006848
@00523304: $ 1 <= 00000004
@00523308: $ 9 <= 00000020
@005332dc: $10 <= 00000000
@005332e0: $11 <= 00000000
@005332e4: $12 <= 00000000
@005332e8: $12 <= 72006848
@005332f0: $12 <= 72006848
@005332f4: $12 <= 00000000
@005332f8: $12 <= 72006848
@00533300: $12 <= 72006848
@00533304: $ 1 <= 00000004
@00533308: $ 9 <= 00000024
@005432dc: $10 <= 00000000
@005432e0: $11 <= 00000000
@005432e4: $12 <= 00000000
@005432e8: $12 <= 72006848
@005432f0: $12 <= 72006848
@005432f4: $12 <= 00000000
@005432f8: $12 <= 72006848
@00543300: $12 <= 72006848
@00543304: $ 1 <= 00000004
@00543308: $ 9 <= 00000028
@005532dc: $10 <= 00000000
@005532e0: $11 <= 00000000
@005532e4: $12 <= 00000000
@005532e8: $12 <= 72006848
@005532f0: $12 <= 72006848
@005532f4: $12 <= 00000000
@005532f8: $12 <= 72006848
@00553300: $12 <= 72006848
@00553304: $ 1 <= 00000004
@00553308: $ 9 <= 0000002c
@005632dc: $10 <= 00000000
@005632e0: $11 <= 00000000
@005632e4: $12 <= 00000000
@005632e8: $12 <= 72006848
@005632f0: $12 <= 72006848
@005632f4: $12 <= 00000000
@005632f8: $12 <= 72006848
@00563300: $12 <= 72006848
@00563304: $ 1 <= 00000004
@00563308: $ 9 <= 00000030
@005732dc: $10 <= 00000000
@005732e0: $11 <= 00000000
@005732e4: $12 <= 00000000
@005732e8: $12 <= 72006848
@005732f0: $12 <= 72006848
@005732f4: $12 <= 00000000
@005732f8: $12 <= 72006848
@00573300: $12 <= 72006848
@00573304: $ 1 <= 00000004
@00573308: $ 9 <= 00000034
@005832dc: $10 <= 00000000
@005832e0: $11 <= 00000000
@005832e4: $12 <= 00000000
@005832e8: $12 <= 72006848
@005832f0: $12 <= 72006848
@005832f4: $12 <= 00000000
@005832f8: $12 <= 72006848
@00583300: $12 <= 72006848
@00583304: $ 1 <= 00000004
@00583308: $ 9 <= 00000038
@005932dc: $10 <= 00000000
@005932e0: $11 <= 00000000
@005932e4: $12 <= 00000000
@005932e8: $12 <= 72006848
@005932f0: $12 <= 72006848
@005932f4: $12 <= 00000000
@005932f8: $12 <= 72006848
@00593300: $12 <= 72006848
@00593304: $ 1 <= 00000004
@00593308: $ 9 <= 0000003c
@00593324: $11 <= 00000000
@00593328: $11 <= 72006848
@00593330: $11 <= 72006848
@00593334: $11 <= 00000001
@00593338: $11 <= 72006849
@00593340: $11 <= 72006848
@00593344: $11 <= 00000002
@00593348: $11 <= 7200684a
@00593350: $11 <= 72006848
@00593354: $11 <= 00000003
@00593358: $11 <= 7200684b
@00593360: $11 <= 72006848
@00593364: $11 <= 00000004
@00593368: $11 <= 7200684c
@00593370: $11 <= 72006848
@00593374: $11 <= 00007ffe
@00593378: $11 <= 7200e846
@00593380: $11 <= 72006848
@00593384: $11 <= 0000d132
@00593388: $11 <= 7201397a
@00593390: $11 <= 72006848
@00593394: $11 <= 00007fff
@00593398: $11 <= 7200e847
@005933a0: $11 <= 72006848
@005933a4: $11 <= 00001740
@005933a8: $11 <= 72007f88
@005933b0: $11 <= 72006848
@005933b4: $11 <= 00008000
@005933b8: $11 <= 7200e848
@005933c0: $11 <= 72006848
@005933c4: $11 <= 0000ffbd
@005933c8: $11 <= 72016805
@005933d0: $11 <= 72006848
@005933d4: $11 <= 00008001
@005933d8: $11 <= 7200e849
@005933e0: $11 <= 72006848
@005933e4: $11 <= 0000e677
@005933e8: $11 <= 72014ebf
@005933f0: $11 <= 72006848
@005933f4: $11 <= 0000fffe
@005933f8: $11 <= 72016846
@00593400: $11 <= 72006848
@00593404: $11 <= 0000ffff
@00593408: $11 <= 72016847
@00593410: $11 <= 72006848
@00593414: $11 <= 00000000
@00593418: $11 <= 72006848
@00593420: $11 <= 72006848
@00593424: $11 <= 00010000
@00593428: $11 <= 72016848
@00593430: $11 <= 72006848
@00593434: $11 <= 00000002
@00593438: $11 <= 7200684a
@00593440: $11 <= 72006848
@00593444: $11 <= 00030000
@00593448: $11 <= 72036848
@00593450: $11 <= 72006848
@00593454: $11 <= 00040000
@00593458: $11 <= 72046848
@00593460: $11 <= 72006848
@00593464: $11 <= 7ffe0000
@00593468: $11 <= f1fe6848
@00593470: $11 <= 72006848
@00593474: $11 <= d1320000
@00593478: $11 <= 43326848
@00593480: $11 <= 72006848
@00593484: $11 <= 7fff0000
@00593488: $11 <= f1ff6848
@00593490: $11 <= 72006848
@00593494: $11 <= 17400000
@00593498: $11 <= 89406848
@005934a0: $11 <= 72006848
@005934a4: $11 <= 80000000
@005934a8: $11 <= f2006848
@005934b0: $11 <= 72006848
@005934b4: $11 <= ffbd0000
@005934b8: $11 <= 71bd6848
@005934c0: $11 <= 72006848
@005934c4: $11 <= 80010000
@005934c8: $11 <= f2016848
@005934d0: $11 <= 72006848
@005934d4: $11 <= e6770000
@005934d8: $11 <= 58776848
@005934e0: $11 <= 72006848
@005934e4: $11 <= fffe0000
@005934e8: $11 <= 71fe6848
@005934f0: $11 <= 72006848
@005934f4: $11 <= ffff0000
@005934f8: $11 <= 71ff6848
@00593500: $11 <= 72006848
@00593504: $ 1 <= 00000004
@00593508: $ 8 <= 00000018
@005a32d8: $ 9 <= 00000000
@005a32dc: $10 <= 00000000
@005a32e0: $11 <= 1e2294c6
@005a32e4: $12 <= 1e2294c6
@005a32e8: $12 <= 9022fd0e
@005a32f0: $12 <= 72006848
@005a32f4: $12 <= e1dd6b3a
@005a32f8: $12 <= 53ddd382
@005a3300: $12 <= 72006848
@005a3304: $ 1 <= 00000004
@005a3308: $ 9 <= 00000004
@005b32dc: $10 <= 00000000
@005b32e0: $11 <= 00000000
@005b32e4: $12 <= 00000000
@005b32e8: $12 <= 72006848
@005b32f0: $12 <= 72006848
@005b32f4: $12 <= 00000000
@005b32f8: $12 <= 72006848
@005b3300: $12 <= 72006848
@005b3304: $ 1 <= 00000004
@005b3308: $ 9 <= 00000008
@005c32dc: $10 <= 00000000
@005c32e0: $11 <= 00000000
@005c32e4: $12 <= 00000000
@005c32e8: $12 <= 72006848
@005c32f0: $12 <= 72006848
@005c32f4: $12 <= 00000000
@005c32f8: $12 <= 72006848
@005c3300: $12 <= 72006848
@005c3304: $ 1 <= 00000004
@005c3308: $ 9 <= 0000000c
@005d32dc: $10 <= 00000000
@005d32e0: $11 <= 00000000
@005d32e4: $12 <= 00000000
@005d32e8: $12 <= 72006848
@005d32f0: $12 <= 72006848
@005d32f4: $12 <= 00000000
@005d32f8: $12 <= 72006848
@005d3300: $12 <= 72006848
@005d3304: $ 1 <= 00000004
@005d3308: $ 9 <= 00000010
@005e32dc: $10 <= 00000000
@005e32e0: $11 <= 00000000
@005e32e4: $12 <= 00000000
@005e32e8: $12 <= 72006848
@005e32f0: $12 <= 72006848
@005e32f4: $12 <= 00000000
@005e32f8: $12 <= 72006848
@005e3300: $12 <= 72006848
@005e3304: $ 1 <= 00000004
@005e3308: $ 9 <= 00000014
@005f32dc: $10 <= 00000000
@005f32e0: $11 <= 00000000
@005f32e4: $12 <= 00000000
@005f32e8: $12 <= 72006848
@005f32f0: $12 <= 72006848
@005f32f4: $12 <= 00000000
@005f32f8: $12 <= 72006848
@005f3300: $12 <= 72006848
@005f3304: $ 1 <= 00000004
@005f3308: $ 9 <= 00000018
@006032dc: $10 <= 00000000
@006032e0: $11 <= 00000000
@006032e4: $12 <= 00000000
@006032e8: $12 <= 72006848
@006032f0: $12 <= 72006848
@006032f4: $12 <= 00000000
@006032f8: $12 <= 72006848
@00603300: $12 <= 72006848
@00603304: $ 1 <= 00000004
@00603308: $ 9 <= 0000001c
@006132dc: $10 <= 00000000
@006132e0: $11 <= 00000000
@006132e4: $12 <= 00000000
@006132e8: $12 <= 72006848
@006132f0: $12 <= 72006848
@006132f4: $12 <= 00000000
@006132f8: $12 <= 72006848
@00613300: $12 <= 72006848
@00613304: $ 1 <= 00000004
@00613308: $ 9 <= 00000020
@006232dc: $10 <= 00000000
@006232e0: $11 <= 00000000
@006232e4: $12 <= 00000000
@006232e8: $12 <= 72006848
@006232f0: $12 <= 72006848
@006232f4: $12 <= 00000000
@006232f8: $12 <= 72006848
@00623300: $12 <= 72006848
@00623304: $ 1 <= 00000004
@00623308: $ 9 <= 00000024
@006332dc: $10 <= 00000000
@006332e0: $11 <= 00000000
@006332e4: $12 <= 00000000
@006332e8: $12 <= 72006848
@006332f0: $12 <= 72006848
@006332f4: $12 <= 00000000
@006332f8: $12 <= 72006848
@00633300: $12 <= 72006848
@00633304: $ 1 <= 00000004
@00633308: $ 9 <= 00000028
@006432dc: $10 <= 00000000
@006432e0: $11 <= 00000000
@006432e4: $12 <= 00000000
@006432e8: $12 <= 72006848
@006432f0: $12 <= 72006848
@006432f4: $12 <= 00000000
@006432f8: $12 <= 72006848
@00643300: $12 <= 72006848
@00643304: $ 1 <= 00000004
@00643308: $ 9 <= 0000002c
@006532dc: $10 <= 00000000
@006532e0: $11 <= 00000000
@006532e4: $12 <= 00000000
@006532e8: $12 <= 72006848
@006532f0: $12 <= 72006848
@006532f4: $12 <= 00000000
@006532f8: $12 <= 72006848
@00653300: $12 <= 72006848
@00653304: $ 1 <= 00000004
@00653308: $ 9 <= 00000030
@006632dc: $10 <= 00000000
@006632e0: $11 <= 00000000
@006632e4: $12 <= 00000000
@006632e8: $12 <= 72006848
@006632f0: $12 <= 72006848
@006632f4: $12 <= 00000000
@006632f8: $12 <= 72006848
@00663300: $12 <= 72006848
@00663304: $ 1 <= 00000004
@00663308: $ 9 <= 00000034
@006732dc: $10 <= 00000000
@006732e0: $11 <= 00000000
@006732e4: $12 <= 00000000
@006732e8: $12 <= 72006848
@006732f0: $12 <= 72006848
@006732f4: $12 <= 00000000
@006732f8: $12 <= 72006848
@00673300: $12 <= 72006848
@00673304: $ 1 <= 00000004
@00673308: $ 9 <= 00000038
@006832dc: $10 <= 00000000
@006832e0: $11 <= 00000000
@006832e4: $12 <= 00000000
@006832e8: $12 <= 72006848
@006832f0: $12 <= 72006848
@006832f4: $12 <= 00000000
@006832f8: $12 <= 72006848
@00683300: $12 <= 72006848
@00683304: $ 1 <= 00000004
@00683308: $ 9 <= 0000003c
@00683324: $11 <= 00000000
@00683328: $11 <= 72006848
@00683330: $11 <= 72006848
@00683334: $11 <= 00000001
@00683338: $11 <= 72006849
@00683340: $11 <= 72006848
@00683344: $11 <= 00000002
@00683348: $11 <= 7200684a
@00683350: $11 <= 72006848
@00683354: $11 <= 00000003
@00683358: $11 <= 7200684b
@00683360: $11 <= 72006848
@00683364: $11 <= 00000004
@00683368: $11 <= 7200684c
@00683370: $11 <= 72006848
@00683374: $11 <= 00007ffe
@00683378: $11 <= 7200e846
@00683380: $11 <= 72006848
@00683384: $11 <= 0000d132
@00683388: $11 <= 7201397a
@00683390: $11 <= 72006848
@00683394: $11 <= 00007fff
@00683398: $11 <= 7200e847
@006833a0: $11 <= 72006848
@006833a4: $11 <= 00001740
@006833a8: $11 <= 72007f88
@006833b0: $11 <= 72006848
@006833b4: $11 <= 00008000
@006833b8: $11 <= 7200e848
@006833c0: $11 <= 72006848
@006833c4: $11 <= 0000ffbd
@006833c8: $11 <= 72016805
@006833d0: $11 <= 72006848
@006833d4: $11 <= 00008001
@006833d8: $11 <= 7200e849
@006833e0: $11 <= 72006848
@006833e4: $11 <= 0000e677
@006833e8: $11 <= 72014ebf
@006833f0: $11 <= 72006848
@006833f4: $11 <= 0000fffe
@006833f8: $11 <= 72016846
@00683400: $11 <= 72006848
@00683404: $11 <= 0000ffff
@00683408: $11 <= 72016847
@00683410: $11 <= 72006848
@00683414: $11 <= 00000000
@00683418: $11 <= 72006848
@00683420: $11 <= 72006848
@00683424: $11 <= 00010000
@00683428: $11 <= 72016848
@00683430: $11 <= 72006848
@00683434: $11 <= 00000002
@00683438: $11 <= 7200684a
@00683440: $11 <= 72006848
@00683444: $11 <= 00030000
@00683448: $11 <= 72036848
@00683450: $11 <= 72006848
@00683454: $11 <= 00040000
@00683458: $11 <= 72046848
@00683460: $11 <= 72006848
@00683464: $11 <= 7ffe0000
@00683468: $11 <= f1fe6848
@00683470: $11 <= 72006848
@00683474: $11 <= d1320000
@00683478: $11 <= 43326848
@00683480: $11 <= 72006848
@00683484: $11 <= 7fff0000
@00683488: $11 <= f1ff6848
@00683490: $11 <= 72006848
@00683494: $11 <= 17400000
@00683498: $11 <= 89406848
@006834a0: $11 <= 72006848
@006834a4: $11 <= 80000000
@006834a8: $11 <= f2006848
@006834b0: $11 <= 72006848
@006834b4: $11 <= ffbd0000
@006834b8: $11 <= 71bd6848
@006834c0: $11 <= 72006848
@006834c4: $11 <= 80010000
@006834c8: $11 <= f2016848
@006834d0: $11 <= 72006848
@006834d4: $11 <= e6770000
@006834d8: $11 <= 58776848
@006834e0: $11 <= 72006848
@006834e4: $11 <= fffe0000
@006834e8: $11 <= 71fe6848
@006834f0: $11 <= 72006848
@006834f4: $11 <= ffff0000
@006834f8: $11 <= 71ff6848
@00683500: $11 <= 72006848
@00683504: $ 1 <= 00000004
@00683508: $ 8 <= 0000001c
@006932d8: $ 9 <= 00000000
@006932dc: $10 <= 00000000
@006932e0: $11 <= 1e2294c6
@006932e4: $12 <= 1e2294c6
@006932e8: $12 <= 9022fd0e
@006932f0: $12 <= 72006848
@006932f4: $12 <= e1dd6b3a
@006932f8: $12 <= 53ddd382
@00693300: $12 <= 72006848
@00693304: $ 1 <= 00000004
@00693308: $ 9 <= 00000004
@006a32dc: $10 <= 00000000
@006a32e0: $11 <= 00000000
@006a32e4: $12 <= 00000000
@006a32e8: $12 <= 72006848
@006a32f0: $12 <= 72006848
@006a32f4: $12 <= 00000000
@006a32f8: $12 <= 72006848
@006a3300: $12 <= 72006848
@006a3304: $ 1 <= 00000004
@006a3308: $ 9 <= 00000008
@006b32dc: $10 <= 00000000
@006b32e0: $11 <= 00000000
@006b32e4: $12 <= 00000000
@006b32e8: $12 <= 72006848
@006b32f0: $12 <= 72006848
@006b32f4: $12 <= 00000000
@006b32f8: $12 <= 72006848
@006b3300: $12 <= 72006848
@006b3304: $ 1 <= 00000004
@006b3308: $ 9 <= 0000000c
@006c32dc: $10 <= 00000000
@006c32e0: $11 <= 00000000
@006c32e4: $12 <= 00000000
@006c32e8: $12 <= 72006848
@006c32f0: $12 <= 72006848
@006c32f4: $12 <= 00000000
@006c32f8: $12 <= 72006848
@006c3300: $12 <= 72006848
@006c3304: $ 1 <= 00000004
@006c3308: $ 9 <= 00000010
@006d32dc: $10 <= 00000000
@006d32e0: $11 <= 00000000
@006d32e4: $12 <= 00000000
@006d32e8: $12 <= 72006848
@006d32f0: $12 <= 72006848
@006d32f4: $12 <= 00000000
@006d32f8: $12 <= 72006848
@006d3300: $12 <= 72006848
@006d3304: $ 1 <= 00000004
@006d3308: $ 9 <= 00000014
@006e32dc: $10 <= 00000000
@006e32e0: $11 <= 00000000
@006e32e4: $12 <= 00000000
@006e32e8: $12 <= 72006848
@006e32f0: $12 <= 72006848
@006e32f4: $12 <= 00000000
@006e32f8: $12 <= 72006848
@006e3300: $12 <= 72006848
@006e3304: $ 1 <= 00000004
@006e3308: $ 9 <= 00000018
@006f32dc: $10 <= 00000000
@006f32e0: $11 <= 00000000
@006f32e4: $12 <= 00000000
@006f32e8: $12 <= 72006848
@006f32f0: $12 <= 72006848
@006f32f4: $12 <= 00000000
@006f32f8: $12 <= 72006848
@006f3300: $12 <= 72006848
@006f3304: $ 1 <= 00000004
@006f3308: $ 9 <= 0000001c
@007032dc: $10 <= 00000000
@007032e0: $11 <= 00000000
@007032e4: $12 <= 00000000
@007032e8: $12 <= 72006848
@007032f0: $12 <= 72006848
@007032f4: $12 <= 00000000
@007032f8: $12 <= 72006848
@00703300: $12 <= 72006848
@00703304: $ 1 <= 00000004
@00703308: $ 9 <= 00000020
@007132dc: $10 <= 00000000
@007132e0: $11 <= 00000000
@007132e4: $12 <= 00000000
@007132e8: $12 <= 72006848
@007132f0: $12 <= 72006848
@007132f4: $12 <= 00000000
@007132f8: $12 <= 72006848
@00713300: $12 <= 72006848
@00713304: $ 1 <= 00000004
@00713308: $ 9 <= 00000024
@007232dc: $10 <= 00000000
@007232e0: $11 <= 00000000
@007232e4: $12 <= 00000000
@007232e8: $12 <= 72006848
@007232f0: $12 <= 72006848
@007232f4: $12 <= 00000000
@007232f8: $12 <= 72006848
@00723300: $12 <= 72006848
@00723304: $ 1 <= 00000004
@00723308: $ 9 <= 00000028
@007332dc: $10 <= 00000000
@007332e0: $11 <= 00000000
@007332e4: $12 <= 00000000
@007332e8: $12 <= 72006848
@007332f0: $12 <= 72006848
@007332f4: $12 <= 00000000
@007332f8: $12 <= 72006848
@00733300: $12 <= 72006848
@00733304: $ 1 <= 00000004
@00733308: $ 9 <= 0000002c
@007432dc: $10 <= 00000000
@007432e0: $11 <= 00000000
@007432e4: $12 <= 00000000
@007432e8: $12 <= 72006848
@007432f0: $12 <= 72006848
@007432f4: $12 <= 00000000
@007432f8: $12 <= 72006848
@00743300: $12 <= 72006848
@00743304: $ 1 <= 00000004
@00743308: $ 9 <= 00000030
@007532dc: $10 <= 00000000
@007532e0: $11 <= 00000000
@007532e4: $12 <= 00000000
@007532e8: $12 <= 72006848
@007532f0: $12 <= 72006848
@007532f4: $12 <= 00000000
@007532f8: $12 <= 72006848
@00753300: $12 <= 72006848
@00753304: $ 1 <= 00000004
@00753308: $ 9 <= 00000034
@007632dc: $10 <= 00000000
@007632e0: $11 <= 00000000
@007632e4: $12 <= 00000000
@007632e8: $12 <= 72006848
@007632f0: $12 <= 72006848
@007632f4: $12 <= 00000000
@007632f8: $12 <= 72006848
@00763300: $12 <= 72006848
@00763304: $ 1 <= 00000004
@00763308: $ 9 <= 00000038
@007732dc: $10 <= 00000000
@007732e0: $11 <= 00000000
@007732e4: $12 <= 00000000
@007732e8: $12 <= 72006848
@007732f0: $12 <= 72006848
@007732f4: $12 <= 00000000
@007732f8: $12 <= 72006848
@00773300: $12 <= 72006848
@00773304: $ 1 <= 00000004
@00773308: $ 9 <= 0000003c
@00773324: $11 <= 00000000
@00773328: $11 <= 72006848
@00773330: $11 <= 72006848
@00773334: $11 <= 00000001
@00773338: $11 <= 72006849
@00773340: $11 <= 72006848
@00773344: $11 <= 00000002
@00773348: $11 <= 7200684a
@00773350: $11 <= 72006848
@00773354: $11 <= 00000003
@00773358: $11 <= 7200684b
@00773360: $11 <= 72006848
@00773364: $11 <= 00000004
@00773368: $11 <= 7200684c
@00773370: $11 <= 72006848
@00773374: $11 <= 00007ffe
@00773378: $11 <= 7200e846
@00773380: $11 <= 72006848
@00773384: $11 <= 0000d132
@00773388: $11 <= 7201397a
@00773390: $11 <= 72006848
@00773394: $11 <= 00007fff
@00773398: $11 <= 7200e847
@007733a0: $11 <= 72006848
@007733a4: $11 <= 00001740
@007733a8: $11 <= 72007f88
@007733b0: $11 <= 72006848
@007733b4: $11 <= 00008000
@007733b8: $11 <= 7200e848
@007733c0: $11 <= 72006848
@007733c4: $11 <= 0000ffbd
@007733c8: $11 <= 72016805
@007733d0: $11 <= 72006848
@007733d4: $11 <= 00008001
@007733d8: $11 <= 7200e849
@007733e0: $11 <= 72006848
@007733e4: $11 <= 0000e677
@007733e8: $11 <= 72014ebf
@007733f0: $11 <= 72006848
@007733f4: $11 <= 0000fffe
@007733f8: $11 <= 72016846
@00773400: $11 <= 72006848
@00773404: $11 <= 0000ffff
@00773408: $11 <= 72016847
@00773410: $11 <= 72006848
@00773414: $11 <= 00000000
@00773418: $11 <= 72006848
@00773420: $11 <= 72006848
@00773424: $11 <= 00010000
@00773428: $11 <= 72016848
@00773430: $11 <= 72006848
@00773434: $11 <= 00000002
@00773438: $11 <= 7200684a
@00773440: $11 <= 72006848
@00773444: $11 <= 00030000
@00773448: $11 <= 72036848
@00773450: $11 <= 72006848
@00773454: $11 <= 00040000
@00773458: $11 <= 72046848
@00773460: $11 <= 72006848
@00773464: $11 <= 7ffe0000
@00773468: $11 <= f1fe6848
@00773470: $11 <= 72006848
@00773474: $11 <= d1320000
@00773478: $11 <= 43326848
@00773480: $11 <= 72006848
@00773484: $11 <= 7fff0000
@00773488: $11 <= f1ff6848
@00773490: $11 <= 72006848
@00773494: $11 <= 17400000
@00773498: $11 <= 89406848
@007734a0: $11 <= 72006848
@007734a4: $11 <= 80000000
@007734a8: $11 <= f2006848
@007734b0: $11 <= 72006848
@007734b4: $11 <= ffbd0000
@007734b8: $11 <= 71bd6848
@007734c0: $11 <= 72006848
@007734c4: $11 <= 80010000
@007734c8: $11 <= f2016848
@007734d0: $11 <= 72006848
@007734d4: $11 <= e6770000
@007734d8: $11 <= 58776848
@007734e0: $11 <= 72006848
@007734e4: $11 <= fffe0000
@007734e8: $11 <= 71fe6848
@007734f0: $11 <= 72006848
@007734f4: $11 <= ffff0000
@007734f8: $11 <= 71ff6848
@00773500: $11 <= 72006848
@00773504: $ 1 <= 00000004
@00773508: $ 8 <= 00000020
@007832d8: $ 9 <= 00000000
@007832dc: $10 <= 00000000
@007832e0: $11 <= 1e2294c6
@007832e4: $12 <= 1e2294c6
@007832e8: $12 <= 9022fd0e
@007832f0: $12 <= 72006848
@007832f4: $12 <= e1dd6b3a
@007832f8: $12 <= 53ddd382
@00783300: $12 <= 72006848
@00783304: $ 1 <= 00000004
@00783308: $ 9 <= 00000004
@007932dc: $10 <= 00000000
@007932e0: $11 <= 00000000
@007932e4: $12 <= 00000000
@007932e8: $12 <= 72006848
@007932f0: $12 <= 72006848
@007932f4: $12 <= 00000000
@007932f8: $12 <= 72006848
@00793300: $12 <= 72006848
@00793304: $ 1 <= 00000004
@00793308: $ 9 <= 00000008
@007a32dc: $10 <= 00000000
@007a32e0: $11 <= 00000000
@007a32e4: $12 <= 00000000
@007a32e8: $12 <= 72006848
@007a32f0: $12 <= 72006848
@007a32f4: $12 <= 00000000
@007a32f8: $12 <= 72006848
@007a3300: $12 <= 72006848
@007a3304: $ 1 <= 00000004
@007a3308: $ 9 <= 0000000c
@007b32dc: $10 <= 00000000
@007b32e0: $11 <= 00000000
@007b32e4: $12 <= 00000000
@007b32e8: $12 <= 72006848
@007b32f0: $12 <= 72006848
@007b32f4: $12 <= 00000000
@007b32f8: $12 <= 72006848
@007b3300: $12 <= 72006848
@007b3304: $ 1 <= 00000004
@007b3308: $ 9 <= 00000010
@007c32dc: $10 <= 00000000
@007c32e0: $11 <= 00000000
@007c32e4: $12 <= 00000000
@007c32e8: $12 <= 72006848
@007c32f0: $12 <= 72006848
@007c32f4: $12 <= 00000000
@007c32f8: $12 <= 72006848
@007c3300: $12 <= 72006848
@007c3304: $ 1 <= 00000004
@007c3308: $ 9 <= 00000014
@007d32dc: $10 <= 00000000
@007d32e0: $11 <= 00000000
@007d32e4: $12 <= 00000000
@007d32e8: $12 <= 72006848
@007d32f0: $12 <= 72006848
@007d32f4: $12 <= 00000000
@007d32f8: $12 <= 72006848
@007d3300: $12 <= 72006848
@007d3304: $ 1 <= 00000004
@007d3308: $ 9 <= 00000018
@007e32dc: $10 <= 00000000
@007e32e0: $11 <= 00000000
@007e32e4: $12 <= 00000000
@007e32e8: $12 <= 72006848
@007e32f0: $12 <= 72006848
@007e32f4: $12 <= 00000000
@007e32f8: $12 <= 72006848
@007e3300: $12 <= 72006848
@007e3304: $ 1 <= 00000004
@007e3308: $ 9 <= 0000001c
@007f32dc: $10 <= 00000000
@007f32e0: $11 <= 00000000
@007f32e4: $12 <= 00000000
@007f32e8: $12 <= 72006848
@007f32f0: $12 <= 72006848
@007f32f4: $12 <= 00000000
@007f32f8: $12 <= 72006848
@007f3300: $12 <= 72006848
@007f3304: $ 1 <= 00000004
@007f3308: $ 9 <= 00000020
@008032dc: $10 <= 00000000
@008032e0: $11 <= 00000000
@008032e4: $12 <= 00000000
@008032e8: $12 <= 72006848
@008032f0: $12 <= 72006848
@008032f4: $12 <= 00000000
@008032f8: $12 <= 72006848
@00803300: $12 <= 72006848
@00803304: $ 1 <= 00000004
@00803308: $ 9 <= 00000024
@008132dc: $10 <= 00000000
@008132e0: $11 <= 00000000
@008132e4: $12 <= 00000000
@008132e8: $12 <= 72006848
@008132f0: $12 <= 72006848
@008132f4: $12 <= 00000000
@008132f8: $12 <= 72006848
@00813300: $12 <= 72006848
@00813304: $ 1 <= 00000004
@00813308: $ 9 <= 00000028
@008232dc: $10 <= 00000000
@008232e0: $11 <= 00000000
@008232e4: $12 <= 00000000
@008232e8: $12 <= 72006848
@008232f0: $12 <= 72006848
@008232f4: $12 <= 00000000
@008232f8: $12 <= 72006848
@00823300: $12 <= 72006848
@00823304: $ 1 <= 00000004
@00823308: $ 9 <= 0000002c
@008332dc: $10 <= 00000000
@008332e0: $11 <= 00000000
@008332e4: $12 <= 00000000
@008332e8: $12 <= 72006848
@008332f0: $12 <= 72006848
@008332f4: $12 <= 00000000
@008332f8: $12 <= 72006848
@00833300: $12 <= 72006848
@00833304: $ 1 <= 00000004
@00833308: $ 9 <= 00000030
@008432dc: $10 <= 00000000
@008432e0: $11 <= 00000000
@008432e4: $12 <= 00000000
@008432e8: $12 <= 72006848
@008432f0: $12 <= 72006848
@008432f4: $12 <= 00000000
@008432f8: $12 <= 72006848
@00843300: $12 <= 72006848
@00843304: $ 1 <= 00000004
@00843308: $ 9 <= 00000034
@008532dc: $10 <= 00000000
@008532e0: $11 <= 00000000
@008532e4: $12 <= 00000000
@008532e8: $12 <= 72006848
@008532f0: $12 <= 72006848
@008532f4: $12 <= 00000000
@008532f8: $12 <= 72006848
@00853300: $12 <= 72006848
@00853304: $ 1 <= 00000004
@00853308: $ 9 <= 00000038
@008632dc: $10 <= 00000000
@008632e0: $11 <= 00000000
@008632e4: $12 <= 00000000
@008632e8: $12 <= 72006848
@008632f0: $12 <= 72006848
@008632f4: $12 <= 00000000
@008632f8: $12 <= 72006848
@00863300: $12 <= 72006848
@00863304: $ 1 <= 00000004
@00863308: $ 9 <= 0000003c
@00863324: $11 <= 00000000
@00863328: $11 <= 72006848
@00863330: $11 <= 72006848
@00863334: $11 <= 00000001
@00863338: $11 <= 72006849
@00863340: $11 <= 72006848
@00863344: $11 <= 00000002
@00863348: $11 <= 7200684a
@00863350: $11 <= 72006848
@00863354: $11 <= 00000003
@00863358: $11 <= 7200684b
@00863360: $11 <= 72006848
@00863364: $11 <= 00000004
@00863368: $11 <= 7200684c
@00863370: $11 <= 72006848
@00863374: $11 <= 00007ffe
@00863378: $11 <= 7200e846
@00863380: $11 <= 72006848
@00863384: $11 <= 0000d132
@00863388: $11 <= 7201397a
@00863390: $11 <= 72006848
@00863394: $11 <= 00007fff
@00863398: $11 <= 7200e847
@008633a0: $11 <= 72006848
@008633a4: $11 <= 00001740
@008633a8: $11 <= 72007f88
@008633b0: $11 <= 72006848
@008633b4: $11 <= 00008000
@008633b8: $11 <= 7200e848
@008633c0: $11 <= 72006848
@008633c4: $11 <= 0000ffbd
@008633c8: $11 <= 72016805
@008633d0: $11 <= 72006848
@008633d4: $11 <= 00008001
@008633d8: $11 <= 7200e849
@008633e0: $11 <= 72006848
@008633e4: $11 <= 0000e677
@008633e8: $11 <= 72014ebf
@008633f0: $11 <= 72006848
@008633f4: $11 <= 0000fffe
@008633f8: $11 <= 72016846
@00863400: $11 <= 72006848
@00863404: $11 <= 0000ffff
@00863408: $11 <= 72016847
@00863410: $11 <= 72006848
@00863414: $11 <= 00000000
@00863418: $11 <= 72006848
@00863420: $11 <= 72006848
@00863424: $11 <= 00010000
@00863428: $11 <= 72016848
@00863430: $11 <= 72006848
@00863434: $11 <= 00000002
@00863438: $11 <= 7200684a
@00863440: $11 <= 72006848
@00863444: $11 <= 00030000
@00863448: $11 <= 72036848
@00863450: $11 <= 72006848
@00863454: $11 <= 00040000
@00863458: $11 <= 72046848
@00863460: $11 <= 72006848
@00863464: $11 <= 7ffe0000
@00863468: $11 <= f1fe6848
@00863470: $11 <= 72006848
@00863474: $11 <= d1320000
@00863478: $11 <= 43326848
@00863480: $11 <= 72006848
@00863484: $11 <= 7fff0000
@00863488: $11 <= f1ff6848
@00863490: $11 <= 72006848
@00863494: $11 <= 17400000
@00863498: $11 <= 89406848
@008634a0: $11 <= 72006848
@008634a4: $11 <= 80000000
@008634a8: $11 <= f2006848
@008634b0: $11 <= 72006848
@008634b4: $11 <= ffbd0000
@008634b8: $11 <= 71bd6848
@008634c0: $11 <= 72006848
@008634c4: $11 <= 80010000
@008634c8: $11 <= f2016848
@008634d0: $11 <= 72006848
@008634d4: $11 <= e6770000
@008634d8: $11 <= 58776848
@008634e0: $11 <= 72006848
@008634e4: $11 <= fffe0000
@008634e8: $11 <= 71fe6848
@008634f0: $11 <= 72006848
@008634f4: $11 <= ffff0000
@008634f8: $11 <= 71ff6848
@00863500: $11 <= 72006848
@00863504: $ 1 <= 00000004
@00863508: $ 8 <= 00000024
@008732d8: $ 9 <= 00000000
@008732dc: $10 <= 00000000
@008732e0: $11 <= 1e2294c6
@008732e4: $12 <= 1e2294c6
@008732e8: $12 <= 9022fd0e
@008732f0: $12 <= 72006848
@008732f4: $12 <= e1dd6b3a
@008732f8: $12 <= 53ddd382
@00873300: $12 <= 72006848
@00873304: $ 1 <= 00000004
@00873308: $ 9 <= 00000004
@008832dc: $10 <= 00000000
@008832e0: $11 <= 00000000
@008832e4: $12 <= 00000000
@008832e8: $12 <= 72006848
@008832f0: $12 <= 72006848
@008832f4: $12 <= 00000000
@008832f8: $12 <= 72006848
@00883300: $12 <= 72006848
@00883304: $ 1 <= 00000004
@00883308: $ 9 <= 00000008
@008932dc: $10 <= 00000000
@008932e0: $11 <= 00000000
@008932e4: $12 <= 00000000
@008932e8: $12 <= 72006848
@008932f0: $12 <= 72006848
@008932f4: $12 <= 00000000
@008932f8: $12 <= 72006848
@00893300: $12 <= 72006848
@00893304: $ 1 <= 00000004
@00893308: $ 9 <= 0000000c
@008a32dc: $10 <= 00000000
@008a32e0: $11 <= 00000000
@008a32e4: $12 <= 00000000
@008a32e8: $12 <= 72006848
@008a32f0: $12 <= 72006848
@008a32f4: $12 <= 00000000
@008a32f8: $12 <= 72006848
@008a3300: $12 <= 72006848
@008a3304: $ 1 <= 00000004
@008a3308: $ 9 <= 00000010
@008b32dc: $10 <= 00000000
@008b32e0: $11 <= 00000000
@008b32e4: $12 <= 00000000
@008b32e8: $12 <= 72006848
@008b32f0: $12 <= 72006848
@008b32f4: $12 <= 00000000
@008b32f8: $12 <= 72006848
@008b3300: $12 <= 72006848
@008b3304: $ 1 <= 00000004
@008b3308: $ 9 <= 00000014
@008c32dc: $10 <= 00000000
@008c32e0: $11 <= 00000000
@008c32e4: $12 <= 00000000
@008c32e8: $12 <= 72006848
@008c32f0: $12 <= 72006848
@008c32f4: $12 <= 00000000
@008c32f8: $12 <= 72006848
@008c3300: $12 <= 72006848
@008c3304: $ 1 <= 00000004
@008c3308: $ 9 <= 00000018
@008d32dc: $10 <= 00000000
@008d32e0: $11 <= 00000000
@008d32e4: $12 <= 00000000
@008d32e8: $12 <= 72006848
@008d32f0: $12 <= 72006848
@008d32f4: $12 <= 00000000
@008d32f8: $12 <= 72006848
@008d3300: $12 <= 72006848
@008d3304: $ 1 <= 00000004
@008d3308: $ 9 <= 0000001c
@008e32dc: $10 <= 00000000
@008e32e0: $11 <= 00000000
@008e32e4: $12 <= 00000000
@008e32e8: $12 <= 72006848
@008e32f0: $12 <= 72006848
@008e32f4: $12 <= 00000000
@008e32f8: $12 <= 72006848
@008e3300: $12 <= 72006848
@008e3304: $ 1 <= 00000004
@008e3308: $ 9 <= 00000020
@008f32dc: $10 <= 00000000
@008f32e0: $11 <= 00000000
@008f32e4: $12 <= 00000000
@008f32e8: $12 <= 72006848
@008f32f0: $12 <= 72006848
@008f32f4: $12 <= 00000000
@008f32f8: $12 <= 72006848
@008f3300: $12 <= 72006848
@008f3304: $ 1 <= 00000004
@008f3308: $ 9 <= 00000024
@009032dc: $10 <= 00000000
@009032e0: $11 <= 00000000
@009032e4: $12 <= 00000000
@009032e8: $12 <= 72006848
@009032f0: $12 <= 72006848
@009032f4: $12 <= 00000000
@009032f8: $12 <= 72006848
@00903300: $12 <= 72006848
@00903304: $ 1 <= 00000004
@00903308: $ 9 <= 00000028
@009132dc: $10 <= 00000000
@009132e0: $11 <= 00000000
@009132e4: $12 <= 00000000
@009132e8: $12 <= 72006848
@009132f0: $12 <= 72006848
@009132f4: $12 <= 00000000
@009132f8: $12 <= 72006848
@00913300: $12 <= 72006848
@00913304: $ 1 <= 00000004
@00913308: $ 9 <= 0000002c
@009232dc: $10 <= 00000000
@009232e0: $11 <= 00000000
@009232e4: $12 <= 00000000
@009232e8: $12 <= 72006848
@009232f0: $12 <= 72006848
@009232f4: $12 <= 00000000
@009232f8: $12 <= 72006848
@00923300: $12 <= 72006848
@00923304: $ 1 <= 00000004
@00923308: $ 9 <= 00000030
@009332dc: $10 <= 00000000
@009332e0: $11 <= 00000000
@009332e4: $12 <= 00000000
@009332e8: $12 <= 72006848
@009332f0: $12 <= 72006848
@009332f4: $12 <= 00000000
@009332f8: $12 <= 72006848
@00933300: $12 <= 72006848
@00933304: $ 1 <= 00000004
@00933308: $ 9 <= 00000034
@009432dc: $10 <= 00000000
@009432e0: $11 <= 00000000
@009432e4: $12 <= 00000000
@009432e8: $12 <= 72006848
@009432f0: $12 <= 72006848
@009432f4: $12 <= 00000000
@009432f8: $12 <= 72006848
@00943300: $12 <= 72006848
@00943304: $ 1 <= 00000004
@00943308: $ 9 <= 00000038
@009532dc: $10 <= 00000000
@009532e0: $11 <= 00000000
@009532e4: $12 <= 00000000
@009532e8: $12 <= 72006848
@009532f0: $12 <= 72006848
@009532f4: $12 <= 00000000
@009532f8: $12 <= 72006848
@00953300: $12 <= 72006848
@00953304: $ 1 <= 00000004
@00953308: $ 9 <= 0000003c
@00953324: $11 <= 00000000
@00953328: $11 <= 72006848
@00953330: $11 <= 72006848
@00953334: $11 <= 00000001
@00953338: $11 <= 72006849
@00953340: $11 <= 72006848
@00953344: $11 <= 00000002
@00953348: $11 <= 7200684a
@00953350: $11 <= 72006848
@00953354: $11 <= 00000003
@00953358: $11 <= 7200684b
@00953360: $11 <= 72006848
@00953364: $11 <= 00000004
@00953368: $11 <= 7200684c
@00953370: $11 <= 72006848
@00953374: $11 <= 00007ffe
@00953378: $11 <= 7200e846
@00953380: $11 <= 72006848
@00953384: $11 <= 0000d132
@00953388: $11 <= 7201397a
@00953390: $11 <= 72006848
@00953394: $11 <= 00007fff
@00953398: $11 <= 7200e847
@009533a0: $11 <= 72006848
@009533a4: $11 <= 00001740
@009533a8: $11 <= 72007f88
@009533b0: $11 <= 72006848
@009533b4: $11 <= 00008000
@009533b8: $11 <= 7200e848
@009533c0: $11 <= 72006848
@009533c4: $11 <= 0000ffbd
@009533c8: $11 <= 72016805
@009533d0: $11 <= 72006848
@009533d4: $11 <= 00008001
@009533d8: $11 <= 7200e849
@009533e0: $11 <= 72006848
@009533e4: $11 <= 0000e677
@009533e8: $11 <= 72014ebf
@009533f0: $11 <= 72006848
@009533f4: $11 <= 0000fffe
@009533f8: $11 <= 72016846
@00953400: $11 <= 72006848
@00953404: $11 <= 0000ffff
@00953408: $11 <= 72016847
@00953410: $11 <= 72006848
@00953414: $11 <= 00000000
@00953418: $11 <= 72006848
@00953420: $11 <= 72006848
@00953424: $11 <= 00010000
@00953428: $11 <= 72016848
@00953430: $11 <= 72006848
@00953434: $11 <= 00000002
@00953438: $11 <= 7200684a
@00953440: $11 <= 72006848
@00953444: $11 <= 00030000
@00953448: $11 <= 72036848
@00953450: $11 <= 72006848
@00953454: $11 <= 00040000
@00953458: $11 <= 72046848
@00953460: $11 <= 72006848
@00953464: $11 <= 7ffe0000
@00953468: $11 <= f1fe6848
@00953470: $11 <= 72006848
@00953474: $11 <= d1320000
@00953478: $11 <= 43326848
@00953480: $11 <= 72006848
@00953484: $11 <= 7fff0000
@00953488: $11 <= f1ff6848
@00953490: $11 <= 72006848
@00953494: $11 <= 17400000
@00953498: $11 <= 89406848
@009534a0: $11 <= 72006848
@009534a4: $11 <= 80000000
@009534a8: $11 <= f2006848
@009534b0: $11 <= 72006848
@009534b4: $11 <= ffbd0000
@009534b8: $11 <= 71bd6848
@009534c0: $11 <= 72006848
@009534c4: $11 <= 80010000
@009534c8: $11 <= f2016848
@009534d0: $11 <= 72006848
@009534d4: $11 <= e6770000
@009534d8: $11 <= 58776848
@009534e0: $11 <= 72006848
@009534e4: $11 <= fffe0000
@009534e8: $11 <= 71fe6848
@009534f0: $11 <= 72006848
@009534f4: $11 <= ffff0000
@009534f8: $11 <= 71ff6848
@00953500: $11 <= 72006848
@00953504: $ 1 <= 00000004
@00953508: $ 8 <= 00000028
@009632d8: $ 9 <= 00000000
@009632dc: $10 <= 00000000
@009632e0: $11 <= 1e2294c6
@009632e4: $12 <= 1e2294c6
@009632e8: $12 <= 9022fd0e
@009632f0: $12 <= 72006848
@009632f4: $12 <= e1dd6b3a
@009632f8: $12 <= 53ddd382
@00963300: $12 <= 72006848
@00963304: $ 1 <= 00000004
@00963308: $ 9 <= 00000004
@009732dc: $10 <= 00000000
@009732e0: $11 <= 00000000
@009732e4: $12 <= 00000000
@009732e8: $12 <= 72006848
@009732f0: $12 <= 72006848
@009732f4: $12 <= 00000000
@009732f8: $12 <= 72006848
@00973300: $12 <= 72006848
@00973304: $ 1 <= 00000004
@00973308: $ 9 <= 00000008
@009832dc: $10 <= 00000000
@009832e0: $11 <= 00000000
@009832e4: $12 <= 00000000
@009832e8: $12 <= 72006848
@009832f0: $12 <= 72006848
@009832f4: $12 <= 00000000
@009832f8: $12 <= 72006848
@00983300: $12 <= 72006848
@00983304: $ 1 <= 00000004
@00983308: $ 9 <= 0000000c
@009932dc: $10 <= 00000000
@009932e0: $11 <= 00000000
@009932e4: $12 <= 00000000
@009932e8: $12 <= 72006848
@009932f0: $12 <= 72006848
@009932f4: $12 <= 00000000
@009932f8: $12 <= 72006848
@00993300: $12 <= 72006848
@00993304: $ 1 <= 00000004
@00993308: $ 9 <= 00000010
@009a32dc: $10 <= 00000000
@009a32e0: $11 <= 00000000
@009a32e4: $12 <= 00000000
@009a32e8: $12 <= 72006848
@009a32f0: $12 <= 72006848
@009a32f4: $12 <= 00000000
@009a32f8: $12 <= 72006848
@009a3300: $12 <= 72006848
@009a3304: $ 1 <= 00000004
@009a3308: $ 9 <= 00000014
@009b32dc: $10 <= 00000000
@009b32e0: $11 <= 00000000
@009b32e4: $12 <= 00000000
@009b32e8: $12 <= 72006848
@009b32f0: $12 <= 72006848
@009b32f4: $12 <= 00000000
@009b32f8: $12 <= 72006848
@009b3300: $12 <= 72006848
@009b3304: $ 1 <= 00000004
@009b3308: $ 9 <= 00000018
@009c32dc: $10 <= 00000000
@009c32e0: $11 <= 00000000
@009c32e4: $12 <= 00000000
@009c32e8: $12 <= 72006848
@009c32f0: $12 <= 72006848
@009c32f4: $12 <= 00000000
@009c32f8: $12 <= 72006848
@009c3300: $12 <= 72006848
@009c3304: $ 1 <= 00000004
@009c3308: $ 9 <= 0000001c
@009d32dc: $10 <= 00000000
@009d32e0: $11 <= 00000000
@009d32e4: $12 <= 00000000
@009d32e8: $12 <= 72006848
@009d32f0: $12 <= 72006848
@009d32f4: $12 <= 00000000
@009d32f8: $12 <= 72006848
@009d3300: $12 <= 72006848
@009d3304: $ 1 <= 00000004
@009d3308: $ 9 <= 00000020
@009e32dc: $10 <= 00000000
@009e32e0: $11 <= 00000000
@009e32e4: $12 <= 00000000
@009e32e8: $12 <= 72006848
@009e32f0: $12 <= 72006848
@009e32f4: $12 <= 00000000
@009e32f8: $12 <= 72006848
@009e3300: $12 <= 72006848
@009e3304: $ 1 <= 00000004
@009e3308: $ 9 <= 00000024
@009f32dc: $10 <= 00000000
@009f32e0: $11 <= 00000000
@009f32e4: $12 <= 00000000
@009f32e8: $12 <= 72006848
@009f32f0: $12 <= 72006848
@009f32f4: $12 <= 00000000
@009f32f8: $12 <= 72006848
@009f3300: $12 <= 72006848
@009f3304: $ 1 <= 00000004
@009f3308: $ 9 <= 00000028
@00a032dc: $10 <= 00000000
@00a032e0: $11 <= 00000000
@00a032e4: $12 <= 00000000
@00a032e8: $12 <= 72006848
@00a032f0: $12 <= 72006848
@00a032f4: $12 <= 00000000
@00a032f8: $12 <= 72006848
@00a03300: $12 <= 72006848
@00a03304: $ 1 <= 00000004
@00a03308: $ 9 <= 0000002c
@00a132dc: $10 <= 00000000
@00a132e0: $11 <= 00000000
@00a132e4: $12 <= 00000000
@00a132e8: $12 <= 72006848
@00a132f0: $12 <= 72006848
@00a132f4: $12 <= 00000000
@00a132f8: $12 <= 72006848
@00a13300: $12 <= 72006848
@00a13304: $ 1 <= 00000004
@00a13308: $ 9 <= 00000030
@00a232dc: $10 <= 00000000
@00a232e0: $11 <= 00000000
@00a232e4: $12 <= 00000000
@00a232e8: $12 <= 72006848
@00a232f0: $12 <= 72006848
@00a232f4: $12 <= 00000000
@00a232f8: $12 <= 72006848
@00a23300: $12 <= 72006848
@00a23304: $ 1 <= 00000004
@00a23308: $ 9 <= 00000034
@00a332dc: $10 <= 00000000
@00a332e0: $11 <= 00000000
@00a332e4: $12 <= 00000000
@00a332e8: $12 <= 72006848
@00a332f0: $12 <= 72006848
@00a332f4: $12 <= 00000000
@00a332f8: $12 <= 72006848
@00a33300: $12 <= 72006848
@00a33304: $ 1 <= 00000004
@00a33308: $ 9 <= 00000038
@00a432dc: $10 <= 00000000
@00a432e0: $11 <= 00000000
@00a432e4: $12 <= 00000000
@00a432e8: $12 <= 72006848
@00a432f0: $12 <= 72006848
@00a432f4: $12 <= 00000000
@00a432f8: $12 <= 72006848
@00a43300: $12 <= 72006848
@00a43304: $ 1 <= 00000004
@00a43308: $ 9 <= 0000003c
@00a43324: $11 <= 00000000
@00a43328: $11 <= 72006848
@00a43330: $11 <= 72006848
@00a43334: $11 <= 00000001
@00a43338: $11 <= 72006849
@00a43340: $11 <= 72006848
@00a43344: $11 <= 00000002
@00a43348: $11 <= 7200684a
@00a43350: $11 <= 72006848
@00a43354: $11 <= 00000003
@00a43358: $11 <= 7200684b
@00a43360: $11 <= 72006848
@00a43364: $11 <= 00000004
@00a43368: $11 <= 7200684c
@00a43370: $11 <= 72006848
@00a43374: $11 <= 00007ffe
@00a43378: $11 <= 7200e846
@00a43380: $11 <= 72006848
@00a43384: $11 <= 0000d132
@00a43388: $11 <= 7201397a
@00a43390: $11 <= 72006848
@00a43394: $11 <= 00007fff
@00a43398: $11 <= 7200e847
@00a433a0: $11 <= 72006848
@00a433a4: $11 <= 00001740
@00a433a8: $11 <= 72007f88
@00a433b0: $11 <= 72006848
@00a433b4: $11 <= 00008000
@00a433b8: $11 <= 7200e848
@00a433c0: $11 <= 72006848
@00a433c4: $11 <= 0000ffbd
@00a433c8: $11 <= 72016805
@00a433d0: $11 <= 72006848
@00a433d4: $11 <= 00008001
@00a433d8: $11 <= 7200e849
@00a433e0: $11 <= 72006848
@00a433e4: $11 <= 0000e677
@00a433e8: $11 <= 72014ebf
@00a433f0: $11 <= 72006848
@00a433f4: $11 <= 0000fffe
@00a433f8: $11 <= 72016846
@00a43400: $11 <= 72006848
@00a43404: $11 <= 0000ffff
@00a43408: $11 <= 72016847
@00a43410: $11 <= 72006848
@00a43414: $11 <= 00000000
@00a43418: $11 <= 72006848
@00a43420: $11 <= 72006848
@00a43424: $11 <= 00010000
@00a43428: $11 <= 72016848
@00a43430: $11 <= 72006848
@00a43434: $11 <= 00000002
@00a43438: $11 <= 7200684a
@00a43440: $11 <= 72006848
@00a43444: $11 <= 00030000
@00a43448: $11 <= 72036848
@00a43450: $11 <= 72006848
@00a43454: $11 <= 00040000
@00a43458: $11 <= 72046848
@00a43460: $11 <= 72006848
@00a43464: $11 <= 7ffe0000
@00a43468: $11 <= f1fe6848
@00a43470: $11 <= 72006848
@00a43474: $11 <= d1320000
@00a43478: $11 <= 43326848
@00a43480: $11 <= 72006848
@00a43484: $11 <= 7fff0000
@00a43488: $11 <= f1ff6848
@00a43490: $11 <= 72006848
@00a43494: $11 <= 17400000
@00a43498: $11 <= 89406848
@00a434a0: $11 <= 72006848
@00a434a4: $11 <= 80000000
@00a434a8: $11 <= f2006848
@00a434b0: $11 <= 72006848
@00a434b4: $11 <= ffbd0000
@00a434b8: $11 <= 71bd6848
@00a434c0: $11 <= 72006848
@00a434c4: $11 <= 80010000
@00a434c8: $11 <= f2016848
@00a434d0: $11 <= 72006848
@00a434d4: $11 <= e6770000
@00a434d8: $11 <= 58776848
@00a434e0: $11 <= 72006848
@00a434e4: $11 <= fffe0000
@00a434e8: $11 <= 71fe6848
@00a434f0: $11 <= 72006848
@00a434f4: $11 <= ffff0000
@00a434f8: $11 <= 71ff6848
@00a43500: $11 <= 72006848
@00a43504: $ 1 <= 00000004
@00a43508: $ 8 <= 0000002c
@00a532d8: $ 9 <= 00000000
@00a532dc: $10 <= 00000000
@00a532e0: $11 <= 1e2294c6
@00a532e4: $12 <= 1e2294c6
@00a532e8: $12 <= 9022fd0e
@00a532f0: $12 <= 72006848
@00a532f4: $12 <= e1dd6b3a
@00a532f8: $12 <= 53ddd382
@00a53300: $12 <= 72006848
@00a53304: $ 1 <= 00000004
@00a53308: $ 9 <= 00000004
@00a632dc: $10 <= 00000000
@00a632e0: $11 <= 00000000
@00a632e4: $12 <= 00000000
@00a632e8: $12 <= 72006848
@00a632f0: $12 <= 72006848
@00a632f4: $12 <= 00000000
@00a632f8: $12 <= 72006848
@00a63300: $12 <= 72006848
@00a63304: $ 1 <= 00000004
@00a63308: $ 9 <= 00000008
@00a732dc: $10 <= 00000000
@00a732e0: $11 <= 00000000
@00a732e4: $12 <= 00000000
@00a732e8: $12 <= 72006848
@00a732f0: $12 <= 72006848
@00a732f4: $12 <= 00000000
@00a732f8: $12 <= 72006848
@00a73300: $12 <= 72006848
@00a73304: $ 1 <= 00000004
@00a73308: $ 9 <= 0000000c
@00a832dc: $10 <= 00000000
@00a832e0: $11 <= 00000000
@00a832e4: $12 <= 00000000
@00a832e8: $12 <= 72006848
@00a832f0: $12 <= 72006848
@00a832f4: $12 <= 00000000
@00a832f8: $12 <= 72006848
@00a83300: $12 <= 72006848
@00a83304: $ 1 <= 00000004
@00a83308: $ 9 <= 00000010
@00a932dc: $10 <= 00000000
@00a932e0: $11 <= 00000000
@00a932e4: $12 <= 00000000
@00a932e8: $12 <= 72006848
@00a932f0: $12 <= 72006848
@00a932f4: $12 <= 00000000
@00a932f8: $12 <= 72006848
@00a93300: $12 <= 72006848
@00a93304: $ 1 <= 00000004
@00a93308: $ 9 <= 00000014
@00aa32dc: $10 <= 00000000
@00aa32e0: $11 <= 00000000
@00aa32e4: $12 <= 00000000
@00aa32e8: $12 <= 72006848
@00aa32f0: $12 <= 72006848
@00aa32f4: $12 <= 00000000
@00aa32f8: $12 <= 72006848
@00aa3300: $12 <= 72006848
@00aa3304: $ 1 <= 00000004
@00aa3308: $ 9 <= 00000018
@00ab32dc: $10 <= 00000000
@00ab32e0: $11 <= 00000000
@00ab32e4: $12 <= 00000000
@00ab32e8: $12 <= 72006848
@00ab32f0: $12 <= 72006848
@00ab32f4: $12 <= 00000000
@00ab32f8: $12 <= 72006848
@00ab3300: $12 <= 72006848
@00ab3304: $ 1 <= 00000004
@00ab3308: $ 9 <= 0000001c
@00ac32dc: $10 <= 00000000
@00ac32e0: $11 <= 00000000
@00ac32e4: $12 <= 00000000
@00ac32e8: $12 <= 72006848
@00ac32f0: $12 <= 72006848
@00ac32f4: $12 <= 00000000
@00ac32f8: $12 <= 72006848
@00ac3300: $12 <= 72006848
@00ac3304: $ 1 <= 00000004
@00ac3308: $ 9 <= 00000020
@00ad32dc: $10 <= 00000000
@00ad32e0: $11 <= 00000000
@00ad32e4: $12 <= 00000000
@00ad32e8: $12 <= 72006848
@00ad32f0: $12 <= 72006848
@00ad32f4: $12 <= 00000000
@00ad32f8: $12 <= 72006848
@00ad3300: $12 <= 72006848
@00ad3304: $ 1 <= 00000004
@00ad3308: $ 9 <= 00000024
@00ae32dc: $10 <= 00000000
@00ae32e0: $11 <= 00000000
@00ae32e4: $12 <= 00000000
@00ae32e8: $12 <= 72006848
@00ae32f0: $12 <= 72006848
@00ae32f4: $12 <= 00000000
@00ae32f8: $12 <= 72006848
@00ae3300: $12 <= 72006848
@00ae3304: $ 1 <= 00000004
@00ae3308: $ 9 <= 00000028
@00af32dc: $10 <= 00000000
@00af32e0: $11 <= 00000000
@00af32e4: $12 <= 00000000
@00af32e8: $12 <= 72006848
@00af32f0: $12 <= 72006848
@00af32f4: $12 <= 00000000
@00af32f8: $12 <= 72006848
@00af3300: $12 <= 72006848
@00af3304: $ 1 <= 00000004
@00af3308: $ 9 <= 0000002c
@00b032dc: $10 <= 00000000
@00b032e0: $11 <= 00000000
@00b032e4: $12 <= 00000000
@00b032e8: $12 <= 72006848
@00b032f0: $12 <= 72006848
@00b032f4: $12 <= 00000000
@00b032f8: $12 <= 72006848
@00b03300: $12 <= 72006848
@00b03304: $ 1 <= 00000004
@00b03308: $ 9 <= 00000030
@00b132dc: $10 <= 00000000
@00b132e0: $11 <= 00000000
@00b132e4: $12 <= 00000000
@00b132e8: $12 <= 72006848
@00b132f0: $12 <= 72006848
@00b132f4: $12 <= 00000000
@00b132f8: $12 <= 72006848
@00b13300: $12 <= 72006848
@00b13304: $ 1 <= 00000004
@00b13308: $ 9 <= 00000034
@00b232dc: $10 <= 00000000
@00b232e0: $11 <= 00000000
@00b232e4: $12 <= 00000000
@00b232e8: $12 <= 72006848
@00b232f0: $12 <= 72006848
@00b232f4: $12 <= 00000000
@00b232f8: $12 <= 72006848
@00b23300: $12 <= 72006848
@00b23304: $ 1 <= 00000004
@00b23308: $ 9 <= 00000038
@00b332dc: $10 <= 00000000
@00b332e0: $11 <= 00000000
@00b332e4: $12 <= 00000000
@00b332e8: $12 <= 72006848
@00b332f0: $12 <= 72006848
@00b332f4: $12 <= 00000000
@00b332f8: $12 <= 72006848
@00b33300: $12 <= 72006848
@00b33304: $ 1 <= 00000004
@00b33308: $ 9 <= 0000003c
@00b33324: $11 <= 00000000
@00b33328: $11 <= 72006848
@00b33330: $11 <= 72006848
@00b33334: $11 <= 00000001
@00b33338: $11 <= 72006849
@00b33340: $11 <= 72006848
@00b33344: $11 <= 00000002
@00b33348: $11 <= 7200684a
@00b33350: $11 <= 72006848
@00b33354: $11 <= 00000003
@00b33358: $11 <= 7200684b
@00b33360: $11 <= 72006848
@00b33364: $11 <= 00000004
@00b33368: $11 <= 7200684c
@00b33370: $11 <= 72006848
@00b33374: $11 <= 00007ffe
@00b33378: $11 <= 7200e846
@00b33380: $11 <= 72006848
@00b33384: $11 <= 0000d132
@00b33388: $11 <= 7201397a
@00b33390: $11 <= 72006848
@00b33394: $11 <= 00007fff
@00b33398: $11 <= 7200e847
@00b333a0: $11 <= 72006848
@00b333a4: $11 <= 00001740
@00b333a8: $11 <= 72007f88
@00b333b0: $11 <= 72006848
@00b333b4: $11 <= 00008000
@00b333b8: $11 <= 7200e848
@00b333c0: $11 <= 72006848
@00b333c4: $11 <= 0000ffbd
@00b333c8: $11 <= 72016805
@00b333d0: $11 <= 72006848
@00b333d4: $11 <= 00008001
@00b333d8: $11 <= 7200e849
@00b333e0: $11 <= 72006848
@00b333e4: $11 <= 0000e677
@00b333e8: $11 <= 72014ebf
@00b333f0: $11 <= 72006848
@00b333f4: $11 <= 0000fffe
@00b333f8: $11 <= 72016846
@00b33400: $11 <= 72006848
@00b33404: $11 <= 0000ffff
@00b33408: $11 <= 72016847
@00b33410: $11 <= 72006848
@00b33414: $11 <= 00000000
@00b33418: $11 <= 72006848
@00b33420: $11 <= 72006848
@00b33424: $11 <= 00010000
@00b33428: $11 <= 72016848
@00b33430: $11 <= 72006848
@00b33434: $11 <= 00000002
@00b33438: $11 <= 7200684a
@00b33440: $11 <= 72006848
@00b33444: $11 <= 00030000
@00b33448: $11 <= 72036848
@00b33450: $11 <= 72006848
@00b33454: $11 <= 00040000
@00b33458: $11 <= 72046848
@00b33460: $11 <= 72006848
@00b33464: $11 <= 7ffe0000
@00b33468: $11 <= f1fe6848
@00b33470: $11 <= 72006848
@00b33474: $11 <= d1320000
@00b33478: $11 <= 43326848
@00b33480: $11 <= 72006848
@00b33484: $11 <= 7fff0000
@00b33488: $11 <= f1ff6848
@00b33490: $11 <= 72006848
@00b33494: $11 <= 17400000
@00b33498: $11 <= 89406848
@00b334a0: $11 <= 72006848
@00b334a4: $11 <= 80000000
@00b334a8: $11 <= f2006848
@00b334b0: $11 <= 72006848
@00b334b4: $11 <= ffbd0000
@00b334b8: $11 <= 71bd6848
@00b334c0: $11 <= 72006848
@00b334c4: $11 <= 80010000
@00b334c8: $11 <= f2016848
@00b334d0: $11 <= 72006848
@00b334d4: $11 <= e6770000
@00b334d8: $11 <= 58776848
@00b334e0: $11 <= 72006848
@00b334e4: $11 <= fffe0000
@00b334e8: $11 <= 71fe6848
@00b334f0: $11 <= 72006848
@00b334f4: $11 <= ffff0000
@00b334f8: $11 <= 71ff6848
@00b33500: $11 <= 72006848
@00b33504: $ 1 <= 00000004
@00b33508: $ 8 <= 00000030
@00b432d8: $ 9 <= 00000000
@00b432dc: $10 <= 00000000
@00b432e0: $11 <= 1e2294c6
@00b432e4: $12 <= 1e2294c6
@00b432e8: $12 <= 9022fd0e
@00b432f0: $12 <= 72006848
@00b432f4: $12 <= e1dd6b3a
@00b432f8: $12 <= 53ddd382
@00b43300: $12 <= 72006848
@00b43304: $ 1 <= 00000004
@00b43308: $ 9 <= 00000004
@00b532dc: $10 <= 00000000
@00b532e0: $11 <= 00000000
@00b532e4: $12 <= 00000000
@00b532e8: $12 <= 72006848
@00b532f0: $12 <= 72006848
@00b532f4: $12 <= 00000000
@00b532f8: $12 <= 72006848
@00b53300: $12 <= 72006848
@00b53304: $ 1 <= 00000004
@00b53308: $ 9 <= 00000008
@00b632dc: $10 <= 00000000
@00b632e0: $11 <= 00000000
@00b632e4: $12 <= 00000000
@00b632e8: $12 <= 72006848
@00b632f0: $12 <= 72006848
@00b632f4: $12 <= 00000000
@00b632f8: $12 <= 72006848
@00b63300: $12 <= 72006848
@00b63304: $ 1 <= 00000004
@00b63308: $ 9 <= 0000000c
@00b732dc: $10 <= 00000000
@00b732e0: $11 <= 00000000
@00b732e4: $12 <= 00000000
@00b732e8: $12 <= 72006848
@00b732f0: $12 <= 72006848
@00b732f4: $12 <= 00000000
@00b732f8: $12 <= 72006848
@00b73300: $12 <= 72006848
@00b73304: $ 1 <= 00000004
@00b73308: $ 9 <= 00000010
@00b832dc: $10 <= 00000000
@00b832e0: $11 <= 00000000
@00b832e4: $12 <= 00000000
@00b832e8: $12 <= 72006848
@00b832f0: $12 <= 72006848
@00b832f4: $12 <= 00000000
@00b832f8: $12 <= 72006848
@00b83300: $12 <= 72006848
@00b83304: $ 1 <= 00000004
@00b83308: $ 9 <= 00000014
@00b932dc: $10 <= 00000000
@00b932e0: $11 <= 00000000
@00b932e4: $12 <= 00000000
@00b932e8: $12 <= 72006848
@00b932f0: $12 <= 72006848
@00b932f4: $12 <= 00000000
@00b932f8: $12 <= 72006848
@00b93300: $12 <= 72006848
@00b93304: $ 1 <= 00000004
@00b93308: $ 9 <= 00000018
@00ba32dc: $10 <= 00000000
@00ba32e0: $11 <= 00000000
@00ba32e4: $12 <= 00000000
@00ba32e8: $12 <= 72006848
@00ba32f0: $12 <= 72006848
@00ba32f4: $12 <= 00000000
@00ba32f8: $12 <= 72006848
@00ba3300: $12 <= 72006848
@00ba3304: $ 1 <= 00000004
@00ba3308: $ 9 <= 0000001c
@00bb32dc: $10 <= 00000000
@00bb32e0: $11 <= 00000000
@00bb32e4: $12 <= 00000000
@00bb32e8: $12 <= 72006848
@00bb32f0: $12 <= 72006848
@00bb32f4: $12 <= 00000000
@00bb32f8: $12 <= 72006848
@00bb3300: $12 <= 72006848
@00bb3304: $ 1 <= 00000004
@00bb3308: $ 9 <= 00000020
@00bc32dc: $10 <= 00000000
@00bc32e0: $11 <= 00000000
@00bc32e4: $12 <= 00000000
@00bc32e8: $12 <= 72006848
@00bc32f0: $12 <= 72006848
@00bc32f4: $12 <= 00000000
@00bc32f8: $12 <= 72006848
@00bc3300: $12 <= 72006848
@00bc3304: $ 1 <= 00000004
@00bc3308: $ 9 <= 00000024
@00bd32dc: $10 <= 00000000
@00bd32e0: $11 <= 00000000
@00bd32e4: $12 <= 00000000
@00bd32e8: $12 <= 72006848
@00bd32f0: $12 <= 72006848
@00bd32f4: $12 <= 00000000
@00bd32f8: $12 <= 72006848
@00bd3300: $12 <= 72006848
@00bd3304: $ 1 <= 00000004
@00bd3308: $ 9 <= 00000028
@00be32dc: $10 <= 00000000
@00be32e0: $11 <= 00000000
@00be32e4: $12 <= 00000000
@00be32e8: $12 <= 72006848
@00be32f0: $12 <= 72006848
@00be32f4: $12 <= 00000000
@00be32f8: $12 <= 72006848
@00be3300: $12 <= 72006848
@00be3304: $ 1 <= 00000004
@00be3308: $ 9 <= 0000002c
@00bf32dc: $10 <= 00000000
@00bf32e0: $11 <= 00000000
@00bf32e4: $12 <= 00000000
@00bf32e8: $12 <= 72006848
@00bf32f0: $12 <= 72006848
@00bf32f4: $12 <= 00000000
@00bf32f8: $12 <= 72006848
@00bf3300: $12 <= 72006848
@00bf3304: $ 1 <= 00000004
@00bf3308: $ 9 <= 00000030
@00c032dc: $10 <= 00000000
@00c032e0: $11 <= 00000000
@00c032e4: $12 <= 00000000
@00c032e8: $12 <= 72006848
@00c032f0: $12 <= 72006848
@00c032f4: $12 <= 00000000
@00c032f8: $12 <= 72006848
@00c03300: $12 <= 72006848
@00c03304: $ 1 <= 00000004
@00c03308: $ 9 <= 00000034
@00c132dc: $10 <= 00000000
@00c132e0: $11 <= 00000000
@00c132e4: $12 <= 00000000
@00c132e8: $12 <= 72006848
@00c132f0: $12 <= 72006848
@00c132f4: $12 <= 00000000
@00c132f8: $12 <= 72006848
@00c13300: $12 <= 72006848
@00c13304: $ 1 <= 00000004
@00c13308: $ 9 <= 00000038
@00c232dc: $10 <= 00000000
@00c232e0: $11 <= 00000000
@00c232e4: $12 <= 00000000
@00c232e8: $12 <= 72006848
@00c232f0: $12 <= 72006848
@00c232f4: $12 <= 00000000
@00c232f8: $12 <= 72006848
@00c23300: $12 <= 72006848
@00c23304: $ 1 <= 00000004
@00c23308: $ 9 <= 0000003c
@00c23324: $11 <= 00000000
@00c23328: $11 <= 72006848
@00c23330: $11 <= 72006848
@00c23334: $11 <= 00000001
@00c23338: $11 <= 72006849
@00c23340: $11 <= 72006848
@00c23344: $11 <= 00000002
@00c23348: $11 <= 7200684a
@00c23350: $11 <= 72006848
@00c23354: $11 <= 00000003
@00c23358: $11 <= 7200684b
@00c23360: $11 <= 72006848
@00c23364: $11 <= 00000004
@00c23368: $11 <= 7200684c
@00c23370: $11 <= 72006848
@00c23374: $11 <= 00007ffe
@00c23378: $11 <= 7200e846
@00c23380: $11 <= 72006848
@00c23384: $11 <= 0000d132
@00c23388: $11 <= 7201397a
@00c23390: $11 <= 72006848
@00c23394: $11 <= 00007fff
@00c23398: $11 <= 7200e847
@00c233a0: $11 <= 72006848
@00c233a4: $11 <= 00001740
@00c233a8: $11 <= 72007f88
@00c233b0: $11 <= 72006848
@00c233b4: $11 <= 00008000
@00c233b8: $11 <= 7200e848
@00c233c0: $11 <= 72006848
@00c233c4: $11 <= 0000ffbd
@00c233c8: $11 <= 72016805
@00c233d0: $11 <= 72006848
@00c233d4: $11 <= 00008001
@00c233d8: $11 <= 7200e849
@00c233e0: $11 <= 72006848
@00c233e4: $11 <= 0000e677
@00c233e8: $11 <= 72014ebf
@00c233f0: $11 <= 72006848
@00c233f4: $11 <= 0000fffe
@00c233f8: $11 <= 72016846
@00c23400: $11 <= 72006848
@00c23404: $11 <= 0000ffff
@00c23408: $11 <= 72016847
@00c23410: $11 <= 72006848
@00c23414: $11 <= 00000000
@00c23418: $11 <= 72006848
@00c23420: $11 <= 72006848
@00c23424: $11 <= 00010000
@00c23428: $11 <= 72016848
@00c23430: $11 <= 72006848
@00c23434: $11 <= 00000002
@00c23438: $11 <= 7200684a
@00c23440: $11 <= 72006848
@00c23444: $11 <= 00030000
@00c23448: $11 <= 72036848
@00c23450: $11 <= 72006848
@00c23454: $11 <= 00040000
@00c23458: $11 <= 72046848
@00c23460: $11 <= 72006848
@00c23464: $11 <= 7ffe0000
@00c23468: $11 <= f1fe6848
@00c23470: $11 <= 72006848
@00c23474: $11 <= d1320000
@00c23478: $11 <= 43326848
@00c23480: $11 <= 72006848
@00c23484: $11 <= 7fff0000
@00c23488: $11 <= f1ff6848
@00c23490: $11 <= 72006848
@00c23494: $11 <= 17400000
@00c23498: $11 <= 89406848
@00c234a0: $11 <= 72006848
@00c234a4: $11 <= 80000000
@00c234a8: $11 <= f2006848
@00c234b0: $11 <= 72006848
@00c234b4: $11 <= ffbd0000
@00c234b8: $11 <= 71bd6848
@00c234c0: $11 <= 72006848
@00c234c4: $11 <= 80010000
@00c234c8: $11 <= f2016848
@00c234d0: $11 <= 72006848
@00c234d4: $11 <= e6770000
@00c234d8: $11 <= 58776848
@00c234e0: $11 <= 72006848
@00c234e4: $11 <= fffe0000
@00c234e8: $11 <= 71fe6848
@00c234f0: $11 <= 72006848
@00c234f4: $11 <= ffff0000
@00c234f8: $11 <= 71ff6848
@00c23500: $11 <= 72006848
@00c23504: $ 1 <= 00000004
@00c23508: $ 8 <= 00000034
@00c332d8: $ 9 <= 00000000
@00c332dc: $10 <= 00000000
@00c332e0: $11 <= 1e2294c6
@00c332e4: $12 <= 1e2294c6
@00c332e8: $12 <= 9022fd0e
@00c332f0: $12 <= 72006848
@00c332f4: $12 <= e1dd6b3a
@00c332f8: $12 <= 53ddd382
@00c33300: $12 <= 72006848
@00c33304: $ 1 <= 00000004
@00c33308: $ 9 <= 00000004
@00c432dc: $10 <= 00000000
@00c432e0: $11 <= 00000000
@00c432e4: $12 <= 00000000
@00c432e8: $12 <= 72006848
@00c432f0: $12 <= 72006848
@00c432f4: $12 <= 00000000
@00c432f8: $12 <= 72006848
@00c43300: $12 <= 72006848
@00c43304: $ 1 <= 00000004
@00c43308: $ 9 <= 00000008
@00c532dc: $10 <= 00000000
@00c532e0: $11 <= 00000000
@00c532e4: $12 <= 00000000
@00c532e8: $12 <= 72006848
@00c532f0: $12 <= 72006848
@00c532f4: $12 <= 00000000
@00c532f8: $12 <= 72006848
@00c53300: $12 <= 72006848
@00c53304: $ 1 <= 00000004
@00c53308: $ 9 <= 0000000c
@00c632dc: $10 <= 00000000
@00c632e0: $11 <= 00000000
@00c632e4: $12 <= 00000000
@00c632e8: $12 <= 72006848
@00c632f0: $12 <= 72006848
@00c632f4: $12 <= 00000000
@00c632f8: $12 <= 72006848
@00c63300: $12 <= 72006848
@00c63304: $ 1 <= 00000004
@00c63308: $ 9 <= 00000010
@00c732dc: $10 <= 00000000
@00c732e0: $11 <= 00000000
@00c732e4: $12 <= 00000000
@00c732e8: $12 <= 72006848
@00c732f0: $12 <= 72006848
@00c732f4: $12 <= 00000000
@00c732f8: $12 <= 72006848
@00c73300: $12 <= 72006848
@00c73304: $ 1 <= 00000004
@00c73308: $ 9 <= 00000014
@00c832dc: $10 <= 00000000
@00c832e0: $11 <= 00000000
@00c832e4: $12 <= 00000000
@00c832e8: $12 <= 72006848
@00c832f0: $12 <= 72006848
@00c832f4: $12 <= 00000000
@00c832f8: $12 <= 72006848
@00c83300: $12 <= 72006848
@00c83304: $ 1 <= 00000004
@00c83308: $ 9 <= 00000018
@00c932dc: $10 <= 00000000
@00c932e0: $11 <= 00000000
@00c932e4: $12 <= 00000000
@00c932e8: $12 <= 72006848
@00c932f0: $12 <= 72006848
@00c932f4: $12 <= 00000000
@00c932f8: $12 <= 72006848
@00c93300: $12 <= 72006848
@00c93304: $ 1 <= 00000004
@00c93308: $ 9 <= 0000001c
@00ca32dc: $10 <= 00000000
@00ca32e0: $11 <= 00000000
@00ca32e4: $12 <= 00000000
@00ca32e8: $12 <= 72006848
@00ca32f0: $12 <= 72006848
@00ca32f4: $12 <= 00000000
@00ca32f8: $12 <= 72006848
@00ca3300: $12 <= 72006848
@00ca3304: $ 1 <= 00000004
@00ca3308: $ 9 <= 00000020
@00cb32dc: $10 <= 00000000
@00cb32e0: $11 <= 00000000
@00cb32e4: $12 <= 00000000
@00cb32e8: $12 <= 72006848
@00cb32f0: $12 <= 72006848
@00cb32f4: $12 <= 00000000
@00cb32f8: $12 <= 72006848
@00cb3300: $12 <= 72006848
@00cb3304: $ 1 <= 00000004
@00cb3308: $ 9 <= 00000024
@00cc32dc: $10 <= 00000000
@00cc32e0: $11 <= 00000000
@00cc32e4: $12 <= 00000000
@00cc32e8: $12 <= 72006848
@00cc32f0: $12 <= 72006848
@00cc32f4: $12 <= 00000000
@00cc32f8: $12 <= 72006848
@00cc3300: $12 <= 72006848
@00cc3304: $ 1 <= 00000004
@00cc3308: $ 9 <= 00000028
@00cd32dc: $10 <= 00000000
@00cd32e0: $11 <= 00000000
@00cd32e4: $12 <= 00000000
@00cd32e8: $12 <= 72006848
@00cd32f0: $12 <= 72006848
@00cd32f4: $12 <= 00000000
@00cd32f8: $12 <= 72006848
@00cd3300: $12 <= 72006848
@00cd3304: $ 1 <= 00000004
@00cd3308: $ 9 <= 0000002c
@00ce32dc: $10 <= 00000000
@00ce32e0: $11 <= 00000000
@00ce32e4: $12 <= 00000000
@00ce32e8: $12 <= 72006848
@00ce32f0: $12 <= 72006848
@00ce32f4: $12 <= 00000000
@00ce32f8: $12 <= 72006848
@00ce3300: $12 <= 72006848
@00ce3304: $ 1 <= 00000004
@00ce3308: $ 9 <= 00000030
@00cf32dc: $10 <= 00000000
@00cf32e0: $11 <= 00000000
@00cf32e4: $12 <= 00000000
@00cf32e8: $12 <= 72006848
@00cf32f0: $12 <= 72006848
@00cf32f4: $12 <= 00000000
@00cf32f8: $12 <= 72006848
@00cf3300: $12 <= 72006848
@00cf3304: $ 1 <= 00000004
@00cf3308: $ 9 <= 00000034
@00d032dc: $10 <= 00000000
@00d032e0: $11 <= 00000000
@00d032e4: $12 <= 00000000
@00d032e8: $12 <= 72006848
@00d032f0: $12 <= 72006848
@00d032f4: $12 <= 00000000
@00d032f8: $12 <= 72006848
@00d03300: $12 <= 72006848
@00d03304: $ 1 <= 00000004
@00d03308: $ 9 <= 00000038
@00d132dc: $10 <= 00000000
@00d132e0: $11 <= 00000000
@00d132e4: $12 <= 00000000
@00d132e8: $12 <= 72006848
@00d132f0: $12 <= 72006848
@00d132f4: $12 <= 00000000
@00d132f8: $12 <= 72006848
@00d13300: $12 <= 72006848
@00d13304: $ 1 <= 00000004
@00d13308: $ 9 <= 0000003c
@00d13324: $11 <= 00000000
@00d13328: $11 <= 72006848
@00d13330: $11 <= 72006848
@00d13334: $11 <= 00000001
@00d13338: $11 <= 72006849
@00d13340: $11 <= 72006848
@00d13344: $11 <= 00000002
@00d13348: $11 <= 7200684a
@00d13350: $11 <= 72006848
@00d13354: $11 <= 00000003
@00d13358: $11 <= 7200684b
@00d13360: $11 <= 72006848
@00d13364: $11 <= 00000004
@00d13368: $11 <= 7200684c
@00d13370: $11 <= 72006848
@00d13374: $11 <= 00007ffe
@00d13378: $11 <= 7200e846
@00d13380: $11 <= 72006848
@00d13384: $11 <= 0000d132
@00d13388: $11 <= 7201397a
@00d13390: $11 <= 72006848
@00d13394: $11 <= 00007fff
@00d13398: $11 <= 7200e847
@00d133a0: $11 <= 72006848
@00d133a4: $11 <= 00001740
@00d133a8: $11 <= 72007f88
@00d133b0: $11 <= 72006848
@00d133b4: $11 <= 00008000
@00d133b8: $11 <= 7200e848
@00d133c0: $11 <= 72006848
@00d133c4: $11 <= 0000ffbd
@00d133c8: $11 <= 72016805
@00d133d0: $11 <= 72006848
@00d133d4: $11 <= 00008001
@00d133d8: $11 <= 7200e849
@00d133e0: $11 <= 72006848
@00d133e4: $11 <= 0000e677
@00d133e8: $11 <= 72014ebf
@00d133f0: $11 <= 72006848
@00d133f4: $11 <= 0000fffe
@00d133f8: $11 <= 72016846
@00d13400: $11 <= 72006848
@00d13404: $11 <= 0000ffff
@00d13408: $11 <= 72016847
@00d13410: $11 <= 72006848
@00d13414: $11 <= 00000000
@00d13418: $11 <= 72006848
@00d13420: $11 <= 72006848
@00d13424: $11 <= 00010000
@00d13428: $11 <= 72016848
@00d13430: $11 <= 72006848
@00d13434: $11 <= 00000002
@00d13438: $11 <= 7200684a
@00d13440: $11 <= 72006848
@00d13444: $11 <= 00030000
@00d13448: $11 <= 72036848
@00d13450: $11 <= 72006848
@00d13454: $11 <= 00040000
@00d13458: $11 <= 72046848
@00d13460: $11 <= 72006848
@00d13464: $11 <= 7ffe0000
@00d13468: $11 <= f1fe6848
@00d13470: $11 <= 72006848
@00d13474: $11 <= d1320000
@00d13478: $11 <= 43326848
@00d13480: $11 <= 72006848
@00d13484: $11 <= 7fff0000
@00d13488: $11 <= f1ff6848
@00d13490: $11 <= 72006848
@00d13494: $11 <= 17400000
@00d13498: $11 <= 89406848
@00d134a0: $11 <= 72006848
@00d134a4: $11 <= 80000000
@00d134a8: $11 <= f2006848
@00d134b0: $11 <= 72006848
@00d134b4: $11 <= ffbd0000
@00d134b8: $11 <= 71bd6848
@00d134c0: $11 <= 72006848
@00d134c4: $11 <= 80010000
@00d134c8: $11 <= f2016848
@00d134d0: $11 <= 72006848
@00d134d4: $11 <= e6770000
@00d134d8: $11 <= 58776848
@00d134e0: $11 <= 72006848
@00d134e4: $11 <= fffe0000
@00d134e8: $11 <= 71fe6848
@00d134f0: $11 <= 72006848
@00d134f4: $11 <= ffff0000
@00d134f8: $11 <= 71ff6848
@00d13500: $11 <= 72006848
@00d13504: $ 1 <= 00000004
@00d13508: $ 8 <= 00000038
@00d232d8: $ 9 <= 00000000
@00d232dc: $10 <= 00000000
@00d232e0: $11 <= 1e2294c6
@00d232e4: $12 <= 1e2294c6
@00d232e8: $12 <= 9022fd0e
@00d232f0: $12 <= 72006848
@00d232f4: $12 <= e1dd6b3a
@00d232f8: $12 <= 53ddd382
@00d23300: $12 <= 72006848
@00d23304: $ 1 <= 00000004
@00d23308: $ 9 <= 00000004
@00d332dc: $10 <= 00000000
@00d332e0: $11 <= 00000000
@00d332e4: $12 <= 00000000
@00d332e8: $12 <= 72006848
@00d332f0: $12 <= 72006848
@00d332f4: $12 <= 00000000
@00d332f8: $12 <= 72006848
@00d33300: $12 <= 72006848
@00d33304: $ 1 <= 00000004
@00d33308: $ 9 <= 00000008
@00d432dc: $10 <= 00000000
@00d432e0: $11 <= 00000000
@00d432e4: $12 <= 00000000
@00d432e8: $12 <= 72006848
@00d432f0: $12 <= 72006848
@00d432f4: $12 <= 00000000
@00d432f8: $12 <= 72006848
@00d43300: $12 <= 72006848
@00d43304: $ 1 <= 00000004
@00d43308: $ 9 <= 0000000c
@00d532dc: $10 <= 00000000
@00d532e0: $11 <= 00000000
@00d532e4: $12 <= 00000000
@00d532e8: $12 <= 72006848
@00d532f0: $12 <= 72006848
@00d532f4: $12 <= 00000000
@00d532f8: $12 <= 72006848
@00d53300: $12 <= 72006848
@00d53304: $ 1 <= 00000004
@00d53308: $ 9 <= 00000010
@00d632dc: $10 <= 00000000
@00d632e0: $11 <= 00000000
@00d632e4: $12 <= 00000000
@00d632e8: $12 <= 72006848
@00d632f0: $12 <= 72006848
@00d632f4: $12 <= 00000000
@00d632f8: $12 <= 72006848
@00d63300: $12 <= 72006848
@00d63304: $ 1 <= 00000004
@00d63308: $ 9 <= 00000014
@00d732dc: $10 <= 00000000
@00d732e0: $11 <= 00000000
@00d732e4: $12 <= 00000000
@00d732e8: $12 <= 72006848
@00d732f0: $12 <= 72006848
@00d732f4: $12 <= 00000000
@00d732f8: $12 <= 72006848
@00d73300: $12 <= 72006848
@00d73304: $ 1 <= 00000004
@00d73308: $ 9 <= 00000018
@00d832dc: $10 <= 00000000
@00d832e0: $11 <= 00000000
@00d832e4: $12 <= 00000000
@00d832e8: $12 <= 72006848
@00d832f0: $12 <= 72006848
@00d832f4: $12 <= 00000000
@00d832f8: $12 <= 72006848
@00d83300: $12 <= 72006848
@00d83304: $ 1 <= 00000004
@00d83308: $ 9 <= 0000001c
@00d932dc: $10 <= 00000000
@00d932e0: $11 <= 00000000
@00d932e4: $12 <= 00000000
@00d932e8: $12 <= 72006848
@00d932f0: $12 <= 72006848
@00d932f4: $12 <= 00000000
@00d932f8: $12 <= 72006848
@00d93300: $12 <= 72006848
@00d93304: $ 1 <= 00000004
@00d93308: $ 9 <= 00000020
@00da32dc: $10 <= 00000000
@00da32e0: $11 <= 00000000
@00da32e4: $12 <= 00000000
@00da32e8: $12 <= 72006848
@00da32f0: $12 <= 72006848
@00da32f4: $12 <= 00000000
@00da32f8: $12 <= 72006848
@00da3300: $12 <= 72006848
@00da3304: $ 1 <= 00000004
@00da3308: $ 9 <= 00000024
@00db32dc: $10 <= 00000000
@00db32e0: $11 <= 00000000
@00db32e4: $12 <= 00000000
@00db32e8: $12 <= 72006848
@00db32f0: $12 <= 72006848
@00db32f4: $12 <= 00000000
@00db32f8: $12 <= 72006848
@00db3300: $12 <= 72006848
@00db3304: $ 1 <= 00000004
@00db3308: $ 9 <= 00000028
@00dc32dc: $10 <= 00000000
@00dc32e0: $11 <= 00000000
@00dc32e4: $12 <= 00000000
@00dc32e8: $12 <= 72006848
@00dc32f0: $12 <= 72006848
@00dc32f4: $12 <= 00000000
@00dc32f8: $12 <= 72006848
@00dc3300: $12 <= 72006848
@00dc3304: $ 1 <= 00000004
@00dc3308: $ 9 <= 0000002c
@00dd32dc: $10 <= 00000000
@00dd32e0: $11 <= 00000000
@00dd32e4: $12 <= 00000000
@00dd32e8: $12 <= 72006848
@00dd32f0: $12 <= 72006848
@00dd32f4: $12 <= 00000000
@00dd32f8: $12 <= 72006848
@00dd3300: $12 <= 72006848
@00dd3304: $ 1 <= 00000004
@00dd3308: $ 9 <= 00000030
@00de32dc: $10 <= 00000000
@00de32e0: $11 <= 00000000
@00de32e4: $12 <= 00000000
@00de32e8: $12 <= 72006848
@00de32f0: $12 <= 72006848
@00de32f4: $12 <= 00000000
@00de32f8: $12 <= 72006848
@00de3300: $12 <= 72006848
@00de3304: $ 1 <= 00000004
@00de3308: $ 9 <= 00000034
@00df32dc: $10 <= 000